2026/03/24-19:00:33 INFO  [main] com.jsh.erp.ErpApplication - Starting ErpApplication on sss with PID 122528 (started by 许嘉琦 in C:\Users\许嘉琦\Desktop\宠物\PetERPSystem)
2026/03/24-19:00:33 DEBUG [main] com.jsh.erp.ErpApplication - Running with Spring Boot v2.0.0.RELEASE, Spring v5.0.4.RELEASE
2026/03/24-19:00:33 INFO  [main] com.jsh.erp.ErpApplication - No active profile set, falling back to default profiles: default
2026/03/24-19:00:43 INFO  [main] com.jsh.erp.ErpApplication - Started ErpApplication in 10.075 seconds (JVM running for 10.644)
2026/03/24-19:00:51 DEBUG [http-nio-9999-exec-5] com.jsh.erp.datasource.mappers.DepotHeadMapperEx.getTodoCount - ==>  Preparing: SELECT count(1) FROM jsh_depot_head dh WHERE dh.tenant_id = 63 AND ifnull(dh.delete_flag, '0') != '1' AND dh.status = ? AND dh.sub_type = ? 
2026/03/24-19:00:51 DEBUG [http-nio-9999-exec-2] com.jsh.erp.datasource.mappers.PlatformConfigMapper.selectByExample - ==>  Preparing: SELECT id, platform_key, platform_key_info, platform_value FROM jsh_platform_config WHERE (platform_key = ?) 
2026/03/24-19:00:51 DEBUG [http-nio-9999-exec-2] com.jsh.erp.datasource.mappers.PlatformConfigMapper.selectByExample - ==> Parameters: pay_fee_url(String)
2026/03/24-19:00:51 DEBUG [http-nio-9999-exec-5] com.jsh.erp.datasource.mappers.DepotHeadMapperEx.getTodoCount - ==> Parameters: 0(String), 销售订单(String)
2026/03/24-19:00:51 DEBUG [http-nio-9999-exec-4] com.jsh.erp.datasource.mappers.DepotHeadMapperEx.getTodoCount - ==>  Preparing: SELECT count(1) FROM jsh_depot_head dh WHERE dh.tenant_id = 63 AND ifnull(dh.delete_flag, '0') != '1' AND dh.status = ? AND dh.sub_type = ? 
2026/03/24-19:00:51 DEBUG [http-nio-9999-exec-4] com.jsh.erp.datasource.mappers.DepotHeadMapperEx.getTodoCount - ==> Parameters: 0(String), 销售订单(String)
2026/03/24-19:00:51 DEBUG [http-nio-9999-exec-5] com.jsh.erp.datasource.mappers.DepotHeadMapperEx.getTodoCount - <==      Total: 1
2026/03/24-19:00:51 DEBUG [http-nio-9999-exec-2] com.jsh.erp.datasource.mappers.PlatformConfigMapper.selectByExample - <==      Total: 1
2026/03/24-19:00:51 DEBUG [http-nio-9999-exec-5] com.jsh.erp.datasource.mappers.DepotHeadMapperEx.getTodoCount - ==>  Preparing: SELECT count(1) FROM jsh_depot_head dh WHERE dh.tenant_id = 63 AND ifnull(dh.delete_flag, '0') != '1' AND dh.status = ? AND dh.sub_type = ? 
2026/03/24-19:00:51 DEBUG [http-nio-9999-exec-4] com.jsh.erp.datasource.mappers.DepotHeadMapperEx.getTodoCount - <==      Total: 1
2026/03/24-19:00:51 DEBUG [http-nio-9999-exec-4] com.jsh.erp.datasource.mappers.DepotHeadMapperEx.getTodoCount - ==>  Preparing: SELECT count(1) FROM jsh_depot_head dh WHERE dh.tenant_id = 63 AND ifnull(dh.delete_flag, '0') != '1' AND dh.status = ? AND dh.sub_type = ? 
2026/03/24-19:00:51 DEBUG [http-nio-9999-exec-5] com.jsh.erp.datasource.mappers.DepotHeadMapperEx.getTodoCount - ==> Parameters: 0(String), 采购订单(String)
2026/03/24-19:00:51 DEBUG [http-nio-9999-exec-4] com.jsh.erp.datasource.mappers.DepotHeadMapperEx.getTodoCount - ==> Parameters: 0(String), 采购订单(String)
2026/03/24-19:00:51 DEBUG [http-nio-9999-exec-5] com.jsh.erp.datasource.mappers.DepotHeadMapperEx.getTodoCount - <==      Total: 1
2026/03/24-19:00:51 DEBUG [http-nio-9999-exec-4] com.jsh.erp.datasource.mappers.DepotHeadMapperEx.getTodoCount - <==      Total: 1
2026/03/24-19:00:51 DEBUG [http-nio-9999-exec-4] com.jsh.erp.datasource.mappers.DepotHeadMapperEx.getTodoCount - ==>  Preparing: SELECT count(1) FROM jsh_depot_head dh WHERE dh.tenant_id = 63 AND ifnull(dh.delete_flag, '0') != '1' AND dh.status = ? AND dh.type = ? AND dh.sub_type = ? 
2026/03/24-19:00:51 DEBUG [http-nio-9999-exec-5] com.jsh.erp.datasource.mappers.DepotHeadMapperEx.getTodoCount - ==>  Preparing: SELECT count(1) FROM jsh_depot_head dh WHERE dh.tenant_id = 63 AND ifnull(dh.delete_flag, '0') != '1' AND dh.status = ? AND dh.type = ? AND dh.sub_type = ? 
2026/03/24-19:00:51 DEBUG [http-nio-9999-exec-4] com.jsh.erp.datasource.mappers.DepotHeadMapperEx.getTodoCount - ==> Parameters: 0(String), 出库(String), 销售(String)
2026/03/24-19:00:51 DEBUG [http-nio-9999-exec-5] com.jsh.erp.datasource.mappers.DepotHeadMapperEx.getTodoCount - ==> Parameters: 0(String), 出库(String), 销售(String)
2026/03/24-19:00:51 DEBUG [http-nio-9999-exec-4] com.jsh.erp.datasource.mappers.DepotHeadMapperEx.getTodoCount - <==      Total: 1
2026/03/24-19:00:51 DEBUG [http-nio-9999-exec-4] com.jsh.erp.datasource.mappers.DepotHeadMapperEx.getTodoCount - ==>  Preparing: SELECT count(1) FROM jsh_depot_head dh WHERE dh.tenant_id = 63 AND ifnull(dh.delete_flag, '0') != '1' AND dh.status = ? AND dh.type = ? AND dh.sub_type = ? 
2026/03/24-19:00:51 DEBUG [http-nio-9999-exec-5] com.jsh.erp.datasource.mappers.DepotHeadMapperEx.getTodoCount - <==      Total: 1
2026/03/24-19:00:51 DEBUG [http-nio-9999-exec-5] com.jsh.erp.datasource.mappers.DepotHeadMapperEx.getTodoCount - ==>  Preparing: SELECT count(1) FROM jsh_depot_head dh WHERE dh.tenant_id = 63 AND ifnull(dh.delete_flag, '0') != '1' AND dh.status = ? AND dh.type = ? AND dh.sub_type = ? 
2026/03/24-19:00:51 DEBUG [http-nio-9999-exec-5] com.jsh.erp.datasource.mappers.DepotHeadMapperEx.getTodoCount - ==> Parameters: 0(String), 入库(String), 销售退货(String)
2026/03/24-19:00:51 DEBUG [http-nio-9999-exec-4] com.jsh.erp.datasource.mappers.DepotHeadMapperEx.getTodoCount - ==> Parameters: 0(String), 入库(String), 销售退货(String)
2026/03/24-19:00:51 DEBUG [http-nio-9999-exec-5] com.jsh.erp.datasource.mappers.DepotHeadMapperEx.getTodoCount - <==      Total: 1
2026/03/24-19:00:51 DEBUG [http-nio-9999-exec-4] com.jsh.erp.datasource.mappers.DepotHeadMapperEx.getTodoCount - <==      Total: 1
2026/03/24-19:00:51 DEBUG [http-nio-9999-exec-5] com.jsh.erp.datasource.mappers.DepotHeadMapperEx.getTodoCount - ==>  Preparing: SELECT count(1) FROM jsh_depot_head dh WHERE dh.tenant_id = 63 AND ifnull(dh.delete_flag, '0') != '1' AND dh.status = ? AND dh.type = ? AND dh.sub_type = ? 
2026/03/24-19:00:51 DEBUG [http-nio-9999-exec-4] com.jsh.erp.datasource.mappers.DepotHeadMapperEx.getTodoCount - ==>  Preparing: SELECT count(1) FROM jsh_depot_head dh WHERE dh.tenant_id = 63 AND ifnull(dh.delete_flag, '0') != '1' AND dh.status = ? AND dh.type = ? AND dh.sub_type = ? 
2026/03/24-19:00:52 DEBUG [http-nio-9999-exec-5] com.jsh.erp.datasource.mappers.DepotHeadMapperEx.getTodoCount - ==> Parameters: 0(String), 入库(String), 采购(String)
2026/03/24-19:00:52 DEBUG [http-nio-9999-exec-4] com.jsh.erp.datasource.mappers.DepotHeadMapperEx.getTodoCount - ==> Parameters: 0(String), 入库(String), 采购(String)
2026/03/24-19:00:52 DEBUG [http-nio-9999-exec-5] com.jsh.erp.datasource.mappers.DepotHeadMapperEx.getTodoCount - <==      Total: 1
2026/03/24-19:00:52 DEBUG [http-nio-9999-exec-5] com.jsh.erp.datasource.mappers.DepotHeadMapperEx.getTodoCount - ==>  Preparing: SELECT count(1) FROM jsh_depot_head dh WHERE dh.tenant_id = 63 AND ifnull(dh.delete_flag, '0') != '1' AND dh.status = ? AND dh.type = ? AND dh.sub_type = ? 
2026/03/24-19:00:52 DEBUG [http-nio-9999-exec-4] com.jsh.erp.datasource.mappers.DepotHeadMapperEx.getTodoCount - <==      Total: 1
2026/03/24-19:00:52 DEBUG [http-nio-9999-exec-4] com.jsh.erp.datasource.mappers.DepotHeadMapperEx.getTodoCount - ==>  Preparing: SELECT count(1) FROM jsh_depot_head dh WHERE dh.tenant_id = 63 AND ifnull(dh.delete_flag, '0') != '1' AND dh.status = ? AND dh.type = ? AND dh.sub_type = ? 
2026/03/24-19:00:52 DEBUG [http-nio-9999-exec-5] com.jsh.erp.datasource.mappers.DepotHeadMapperEx.getTodoCount - ==> Parameters: 0(String), 出库(String), 采购退货(String)
2026/03/24-19:00:52 DEBUG [http-nio-9999-exec-4] com.jsh.erp.datasource.mappers.DepotHeadMapperEx.getTodoCount - ==> Parameters: 0(String), 出库(String), 采购退货(String)
2026/03/24-19:00:52 DEBUG [http-nio-9999-exec-1] com.jsh.erp.datasource.mappers.UserMapper.selectByPrimaryKey - ==>  Preparing: SELECT id, username, login_name, password, leader_flag, position, department, email, phonenum, ismanager, isystem, status, description, remark, weixin_open_id, tenant_id, delete_flag FROM jsh_user WHERE jsh_user.tenant_id = 63 AND id = ? 
2026/03/24-19:00:52 DEBUG [http-nio-9999-exec-6] com.jsh.erp.datasource.mappers.UserMapper.selectByPrimaryKey - ==>  Preparing: SELECT id, username, login_name, password, leader_flag, position, department, email, phonenum, ismanager, isystem, status, description, remark, weixin_open_id, tenant_id, delete_flag FROM jsh_user WHERE jsh_user.tenant_id = 63 AND id = ? 
2026/03/24-19:00:52 DEBUG [http-nio-9999-exec-5] com.jsh.erp.datasource.mappers.DepotHeadMapperEx.getTodoCount - <==      Total: 1
2026/03/24-19:00:52 DEBUG [http-nio-9999-exec-1] com.jsh.erp.datasource.mappers.UserMapper.selectByPrimaryKey - ==> Parameters: 63(Long)
2026/03/24-19:00:52 DEBUG [http-nio-9999-exec-6] com.jsh.erp.datasource.mappers.UserMapper.selectByPrimaryKey - ==> Parameters: 63(Long)
2026/03/24-19:00:52 DEBUG [http-nio-9999-exec-3] com.jsh.erp.datasource.mappers.UserMapper.selectByPrimaryKey - ==>  Preparing: SELECT id, username, login_name, password, leader_flag, position, department, email, phonenum, ismanager, isystem, status, description, remark, weixin_open_id, tenant_id, delete_flag FROM jsh_user WHERE jsh_user.tenant_id = 63 AND id = ? 
2026/03/24-19:00:52 DEBUG [http-nio-9999-exec-4] com.jsh.erp.datasource.mappers.DepotHeadMapperEx.getTodoCount - <==      Total: 1
2026/03/24-19:00:52 DEBUG [http-nio-9999-exec-3] com.jsh.erp.datasource.mappers.UserMapper.selectByPrimaryKey - ==> Parameters: 63(Long)
2026/03/24-19:00:52 DEBUG [http-nio-9999-exec-1] com.jsh.erp.datasource.mappers.UserMapper.selectByPrimaryKey - <==      Total: 1
2026/03/24-19:00:52 DEBUG [http-nio-9999-exec-6] com.jsh.erp.datasource.mappers.UserMapper.selectByPrimaryKey - <==      Total: 1
2026/03/24-19:00:52 DEBUG [http-nio-9999-exec-7] com.jsh.erp.datasource.mappers.DepotHeadMapperEx.getTodoCount - ==>  Preparing: SELECT count(1) FROM jsh_depot_head dh WHERE dh.tenant_id = 63 AND ifnull(dh.delete_flag, '0') != '1' AND dh.status = ? AND dh.sub_type = ? 
2026/03/24-19:00:52 DEBUG [http-nio-9999-exec-3] com.jsh.erp.datasource.mappers.UserMapper.selectByPrimaryKey - <==      Total: 1
2026/03/24-19:00:52 DEBUG [http-nio-9999-exec-7] com.jsh.erp.datasource.mappers.DepotHeadMapperEx.getTodoCount - ==> Parameters: 0(String), 销售订单(String)
2026/03/24-19:00:52 DEBUG [http-nio-9999-exec-7] com.jsh.erp.datasource.mappers.DepotHeadMapperEx.getTodoCount - <==      Total: 1
2026/03/24-19:00:52 DEBUG [http-nio-9999-exec-7] com.jsh.erp.datasource.mappers.DepotHeadMapperEx.getTodoCount - ==>  Preparing: SELECT count(1) FROM jsh_depot_head dh WHERE dh.tenant_id = 63 AND ifnull(dh.delete_flag, '0') != '1' AND dh.status = ? AND dh.sub_type = ? 
2026/03/24-19:00:52 DEBUG [http-nio-9999-exec-7] com.jsh.erp.datasource.mappers.DepotHeadMapperEx.getTodoCount - ==> Parameters: 0(String), 采购订单(String)
2026/03/24-19:00:52 DEBUG [http-nio-9999-exec-7] com.jsh.erp.datasource.mappers.DepotHeadMapperEx.getTodoCount - <==      Total: 1
2026/03/24-19:00:52 DEBUG [http-nio-9999-exec-7] com.jsh.erp.datasource.mappers.DepotHeadMapperEx.getTodoCount - ==>  Preparing: SELECT count(1) FROM jsh_depot_head dh WHERE dh.tenant_id = 63 AND ifnull(dh.delete_flag, '0') != '1' AND dh.status = ? AND dh.type = ? AND dh.sub_type = ? 
2026/03/24-19:00:52 DEBUG [http-nio-9999-exec-7] com.jsh.erp.datasource.mappers.DepotHeadMapperEx.getTodoCount - ==> Parameters: 0(String), 出库(String), 销售(String)
2026/03/24-19:00:53 DEBUG [http-nio-9999-exec-7] com.jsh.erp.datasource.mappers.DepotHeadMapperEx.getTodoCount - <==      Total: 1
2026/03/24-19:00:53 DEBUG [http-nio-9999-exec-7] com.jsh.erp.datasource.mappers.DepotHeadMapperEx.getTodoCount - ==>  Preparing: SELECT count(1) FROM jsh_depot_head dh WHERE dh.tenant_id = 63 AND ifnull(dh.delete_flag, '0') != '1' AND dh.status = ? AND dh.type = ? AND dh.sub_type = ? 
2026/03/24-19:00:53 DEBUG [http-nio-9999-exec-7] com.jsh.erp.datasource.mappers.DepotHeadMapperEx.getTodoCount - ==> Parameters: 0(String), 入库(String), 销售退货(String)
2026/03/24-19:00:53 DEBUG [http-nio-9999-exec-1] com.jsh.erp.datasource.mappers.UserMapper.selectByExample - ==>  Preparing: SELECT id, username, login_name, password, leader_flag, position, department, email, phonenum, ismanager, isystem, status, description, remark, weixin_open_id, tenant_id, delete_flag FROM jsh_user WHERE jsh_user.tenant_id = 63 AND (status = ? AND delete_flag <> ?) 
2026/03/24-19:00:53 DEBUG [http-nio-9999-exec-7] com.jsh.erp.datasource.mappers.DepotHeadMapperEx.getTodoCount - <==      Total: 1
2026/03/24-19:00:53 DEBUG [http-nio-9999-exec-7] com.jsh.erp.datasource.mappers.DepotHeadMapperEx.getTodoCount - ==>  Preparing: SELECT count(1) FROM jsh_depot_head dh WHERE dh.tenant_id = 63 AND ifnull(dh.delete_flag, '0') != '1' AND dh.status = ? AND dh.type = ? AND dh.sub_type = ? 
2026/03/24-19:00:53 DEBUG [http-nio-9999-exec-1] com.jsh.erp.datasource.mappers.UserMapper.selectByExample - ==> Parameters: 0(Byte), 1(String)
2026/03/24-19:00:53 DEBUG [http-nio-9999-exec-7] com.jsh.erp.datasource.mappers.DepotHeadMapperEx.getTodoCount - ==> Parameters: 0(String), 入库(String), 采购(String)
2026/03/24-19:00:53 DEBUG [http-nio-9999-exec-3] com.jsh.erp.datasource.mappers.UserBusinessMapperEx.getBasicDataByKeyIdAndType - ==>  Preparing: select * from jsh_user_business where key_id=? and type=? and ifnull(delete_flag,'0') !='1' 
2026/03/24-19:00:53 DEBUG [http-nio-9999-exec-1] com.jsh.erp.datasource.mappers.UserMapper.selectByExample - <==      Total: 2
2026/03/24-19:00:53 DEBUG [http-nio-9999-exec-7] com.jsh.erp.datasource.mappers.DepotHeadMapperEx.getTodoCount - <==      Total: 1
2026/03/24-19:00:53 DEBUG [http-nio-9999-exec-1] com.jsh.erp.datasource.mappers.TenantMapper.selectByExample - ==>  Preparing: SELECT id, tenant_id, login_name, user_num_limit, type, enabled, create_time, expire_time, remark, delete_flag FROM jsh_tenant WHERE (tenant_id = ? AND delete_flag <> ?) 
2026/03/24-19:00:53 DEBUG [http-nio-9999-exec-7] com.jsh.erp.datasource.mappers.DepotHeadMapperEx.getTodoCount - ==>  Preparing: SELECT count(1) FROM jsh_depot_head dh WHERE dh.tenant_id = 63 AND ifnull(dh.delete_flag, '0') != '1' AND dh.status = ? AND dh.type = ? AND dh.sub_type = ? 
2026/03/24-19:00:53 DEBUG [http-nio-9999-exec-3] com.jsh.erp.datasource.mappers.UserBusinessMapperEx.getBasicDataByKeyIdAndType - ==> Parameters: 63(String), UserRole(String)
2026/03/24-19:00:53 DEBUG [http-nio-9999-exec-1] com.jsh.erp.datasource.mappers.TenantMapper.selectByExample - ==> Parameters: 63(Long), 1(String)
2026/03/24-19:00:53 DEBUG [http-nio-9999-exec-7] com.jsh.erp.datasource.mappers.DepotHeadMapperEx.getTodoCount - ==> Parameters: 0(String), 出库(String), 采购退货(String)
2026/03/24-19:00:53 DEBUG [http-nio-9999-exec-8] com.jsh.erp.datasource.mappers.DepotHeadMapperEx.getTodoCount - ==>  Preparing: SELECT count(1) FROM jsh_depot_head dh WHERE dh.tenant_id = 63 AND ifnull(dh.delete_flag, '0') != '1' AND dh.status = ? AND dh.sub_type = ? 
2026/03/24-19:00:53 DEBUG [http-nio-9999-exec-3] com.jsh.erp.datasource.mappers.UserBusinessMapperEx.getBasicDataByKeyIdAndType - <==      Total: 1
2026/03/24-19:00:53 DEBUG [http-nio-9999-exec-3] com.jsh.erp.datasource.mappers.RoleMapperEx.getRoleWithoutTenant - ==>  Preparing: select * from jsh_role where 1=1 and ifnull(delete_flag,'0') !='1' and id=? 
2026/03/24-19:00:53 DEBUG [http-nio-9999-exec-8] com.jsh.erp.datasource.mappers.DepotHeadMapperEx.getTodoCount - ==> Parameters: 0(String), 销售订单(String)
2026/03/24-19:00:53 DEBUG [http-nio-9999-exec-7] com.jsh.erp.datasource.mappers.DepotHeadMapperEx.getTodoCount - <==      Total: 1
2026/03/24-19:00:53 DEBUG [http-nio-9999-exec-1] com.jsh.erp.datasource.mappers.TenantMapper.selectByExample - <==      Total: 1
2026/03/24-19:00:53 DEBUG [http-nio-9999-exec-3] com.jsh.erp.datasource.mappers.RoleMapperEx.getRoleWithoutTenant - ==> Parameters: 10(Long)
2026/03/24-19:00:53 DEBUG [http-nio-9999-exec-8] com.jsh.erp.datasource.mappers.DepotHeadMapperEx.getTodoCount - <==      Total: 1
2026/03/24-19:00:53 DEBUG [http-nio-9999-exec-8] com.jsh.erp.datasource.mappers.DepotHeadMapperEx.getTodoCount - ==>  Preparing: SELECT count(1) FROM jsh_depot_head dh WHERE dh.tenant_id = 63 AND ifnull(dh.delete_flag, '0') != '1' AND dh.status = ? AND dh.sub_type = ? 
2026/03/24-19:00:53 DEBUG [http-nio-9999-exec-8] com.jsh.erp.datasource.mappers.DepotHeadMapperEx.getTodoCount - ==> Parameters: 0(String), 采购订单(String)
2026/03/24-19:00:53 DEBUG [http-nio-9999-exec-3] com.jsh.erp.datasource.mappers.RoleMapperEx.getRoleWithoutTenant - <==      Total: 1
2026/03/24-19:00:54 DEBUG [http-nio-9999-exec-8] com.jsh.erp.datasource.mappers.DepotHeadMapperEx.getTodoCount - <==      Total: 1
2026/03/24-19:00:54 DEBUG [http-nio-9999-exec-8] com.jsh.erp.datasource.mappers.DepotHeadMapperEx.getTodoCount - ==>  Preparing: SELECT count(1) FROM jsh_depot_head dh WHERE dh.tenant_id = 63 AND ifnull(dh.delete_flag, '0') != '1' AND dh.status = ? AND dh.type = ? AND dh.sub_type = ? 
2026/03/24-19:00:54 DEBUG [http-nio-9999-exec-8] com.jsh.erp.datasource.mappers.DepotHeadMapperEx.getTodoCount - ==> Parameters: 0(String), 出库(String), 销售(String)
2026/03/24-19:00:54 DEBUG [http-nio-9999-exec-3] com.jsh.erp.datasource.mappers.SystemConfigMapper.selectByExample - ==>  Preparing: SELECT id, company_name, company_contacts, company_address, company_tel, company_fax, company_post_code, sale_agreement, depot_flag, customer_flag, minus_stock_flag, purchase_by_sale_flag, multi_level_approval_flag, multi_bill_type, force_approval_flag, update_unit_price_flag, over_link_bill_flag, in_out_manage_flag, multi_account_flag, move_avg_price_flag, audit_print_flag, zero_change_amount_flag, customer_static_price_flag, receive_type_config, tenant_id, delete_flag FROM jsh_system_config WHERE jsh_system_config.tenant_id = 63 AND (delete_flag <> ?) 
2026/03/24-19:00:54 DEBUG [http-nio-9999-exec-3] com.jsh.erp.datasource.mappers.SystemConfigMapper.selectByExample - ==> Parameters: 1(String)
2026/03/24-19:00:54 DEBUG [http-nio-9999-exec-8] com.jsh.erp.datasource.mappers.DepotHeadMapperEx.getTodoCount - <==      Total: 1
2026/03/24-19:00:54 DEBUG [http-nio-9999-exec-8] com.jsh.erp.datasource.mappers.DepotHeadMapperEx.getTodoCount - ==>  Preparing: SELECT count(1) FROM jsh_depot_head dh WHERE dh.tenant_id = 63 AND ifnull(dh.delete_flag, '0') != '1' AND dh.status = ? AND dh.type = ? AND dh.sub_type = ? 
2026/03/24-19:00:54 DEBUG [http-nio-9999-exec-8] com.jsh.erp.datasource.mappers.DepotHeadMapperEx.getTodoCount - ==> Parameters: 0(String), 入库(String), 销售退货(String)
2026/03/24-19:00:54 DEBUG [http-nio-9999-exec-3] com.jsh.erp.datasource.mappers.SystemConfigMapper.selectByExample - <==      Total: 1
2026/03/24-19:00:54 DEBUG [http-nio-9999-exec-8] com.jsh.erp.datasource.mappers.DepotHeadMapperEx.getTodoCount - <==      Total: 1
2026/03/24-19:00:54 DEBUG [http-nio-9999-exec-8] com.jsh.erp.datasource.mappers.DepotHeadMapperEx.getTodoCount - ==>  Preparing: SELECT count(1) FROM jsh_depot_head dh WHERE dh.tenant_id = 63 AND ifnull(dh.delete_flag, '0') != '1' AND dh.status = ? AND dh.type = ? AND dh.sub_type = ? 
2026/03/24-19:00:54 DEBUG [http-nio-9999-exec-8] com.jsh.erp.datasource.mappers.DepotHeadMapperEx.getTodoCount - ==> Parameters: 0(String), 入库(String), 采购(String)
2026/03/24-19:00:54 DEBUG [http-nio-9999-exec-9] com.jsh.erp.datasource.mappers.DepotHeadMapperEx.getTodoCount - ==>  Preparing: SELECT count(1) FROM jsh_depot_head dh WHERE dh.tenant_id = 63 AND ifnull(dh.delete_flag, '0') != '1' AND dh.status = ? AND dh.sub_type = ? 
2026/03/24-19:00:54 DEBUG [http-nio-9999-exec-9] com.jsh.erp.datasource.mappers.DepotHeadMapperEx.getTodoCount - ==> Parameters: 0(String), 销售订单(String)
2026/03/24-19:00:54 DEBUG [http-nio-9999-exec-8] com.jsh.erp.datasource.mappers.DepotHeadMapperEx.getTodoCount - <==      Total: 1
2026/03/24-19:00:54 DEBUG [http-nio-9999-exec-8] com.jsh.erp.datasource.mappers.DepotHeadMapperEx.getTodoCount - ==>  Preparing: SELECT count(1) FROM jsh_depot_head dh WHERE dh.tenant_id = 63 AND ifnull(dh.delete_flag, '0') != '1' AND dh.status = ? AND dh.type = ? AND dh.sub_type = ? 
2026/03/24-19:00:54 DEBUG [http-nio-9999-exec-8] com.jsh.erp.datasource.mappers.DepotHeadMapperEx.getTodoCount - ==> Parameters: 0(String), 出库(String), 采购退货(String)
2026/03/24-19:00:54 DEBUG [http-nio-9999-exec-9] com.jsh.erp.datasource.mappers.DepotHeadMapperEx.getTodoCount - <==      Total: 1
2026/03/24-19:00:54 DEBUG [http-nio-9999-exec-9] com.jsh.erp.datasource.mappers.DepotHeadMapperEx.getTodoCount - ==>  Preparing: SELECT count(1) FROM jsh_depot_head dh WHERE dh.tenant_id = 63 AND ifnull(dh.delete_flag, '0') != '1' AND dh.status = ? AND dh.sub_type = ? 
2026/03/24-19:00:54 DEBUG [http-nio-9999-exec-9] com.jsh.erp.datasource.mappers.DepotHeadMapperEx.getTodoCount - ==> Parameters: 0(String), 采购订单(String)
2026/03/24-19:00:54 DEBUG [http-nio-9999-exec-6] com.jsh.erp.datasource.mappers.UserMapper.selectByPrimaryKey - ==>  Preparing: SELECT id, username, login_name, password, leader_flag, position, department, email, phonenum, ismanager, isystem, status, description, remark, weixin_open_id, tenant_id, delete_flag FROM jsh_user WHERE jsh_user.tenant_id = 63 AND id = ? 
2026/03/24-19:00:54 DEBUG [http-nio-9999-exec-8] com.jsh.erp.datasource.mappers.DepotHeadMapperEx.getTodoCount - <==      Total: 1
2026/03/24-19:00:54 DEBUG [http-nio-9999-exec-6] com.jsh.erp.datasource.mappers.UserMapper.selectByPrimaryKey - ==> Parameters: 63(Long)
2026/03/24-19:00:54 DEBUG [http-nio-9999-exec-9] com.jsh.erp.datasource.mappers.DepotHeadMapperEx.getTodoCount - <==      Total: 1
2026/03/24-19:00:54 DEBUG [http-nio-9999-exec-9] com.jsh.erp.datasource.mappers.DepotHeadMapperEx.getTodoCount - ==>  Preparing: SELECT count(1) FROM jsh_depot_head dh WHERE dh.tenant_id = 63 AND ifnull(dh.delete_flag, '0') != '1' AND dh.status = ? AND dh.type = ? AND dh.sub_type = ? 
2026/03/24-19:00:54 DEBUG [http-nio-9999-exec-9] com.jsh.erp.datasource.mappers.DepotHeadMapperEx.getTodoCount - ==> Parameters: 0(String), 出库(String), 销售(String)
2026/03/24-19:00:54 DEBUG [http-nio-9999-exec-6] com.jsh.erp.datasource.mappers.UserMapper.selectByPrimaryKey - <==      Total: 1
2026/03/24-19:00:54 DEBUG [http-nio-9999-exec-6] com.jsh.erp.datasource.mappers.UserBusinessMapperEx.getBasicDataByKeyIdAndType - ==>  Preparing: select * from jsh_user_business where key_id=? and type=? and ifnull(delete_flag,'0') !='1' 
2026/03/24-19:00:54 DEBUG [http-nio-9999-exec-9] com.jsh.erp.datasource.mappers.DepotHeadMapperEx.getTodoCount - <==      Total: 1
2026/03/24-19:00:54 DEBUG [http-nio-9999-exec-6] com.jsh.erp.datasource.mappers.UserBusinessMapperEx.getBasicDataByKeyIdAndType - ==> Parameters: 63(String), UserRole(String)
2026/03/24-19:00:54 DEBUG [http-nio-9999-exec-9] com.jsh.erp.datasource.mappers.DepotHeadMapperEx.getTodoCount - ==>  Preparing: SELECT count(1) FROM jsh_depot_head dh WHERE dh.tenant_id = 63 AND ifnull(dh.delete_flag, '0') != '1' AND dh.status = ? AND dh.type = ? AND dh.sub_type = ? 
2026/03/24-19:00:54 DEBUG [http-nio-9999-exec-9] com.jsh.erp.datasource.mappers.DepotHeadMapperEx.getTodoCount - ==> Parameters: 0(String), 入库(String), 销售退货(String)
2026/03/24-19:00:55 DEBUG [http-nio-9999-exec-6] com.jsh.erp.datasource.mappers.UserBusinessMapperEx.getBasicDataByKeyIdAndType - <==      Total: 1
2026/03/24-19:00:55 DEBUG [http-nio-9999-exec-6] com.jsh.erp.datasource.mappers.RoleMapperEx.getRoleWithoutTenant - ==>  Preparing: select * from jsh_role where 1=1 and ifnull(delete_flag,'0') !='1' and id=? 
2026/03/24-19:00:55 DEBUG [http-nio-9999-exec-6] com.jsh.erp.datasource.mappers.RoleMapperEx.getRoleWithoutTenant - ==> Parameters: 10(Long)
2026/03/24-19:00:55 DEBUG [http-nio-9999-exec-9] com.jsh.erp.datasource.mappers.DepotHeadMapperEx.getTodoCount - <==      Total: 1
2026/03/24-19:00:55 DEBUG [http-nio-9999-exec-9] com.jsh.erp.datasource.mappers.DepotHeadMapperEx.getTodoCount - ==>  Preparing: SELECT count(1) FROM jsh_depot_head dh WHERE dh.tenant_id = 63 AND ifnull(dh.delete_flag, '0') != '1' AND dh.status = ? AND dh.type = ? AND dh.sub_type = ? 
2026/03/24-19:00:55 DEBUG [http-nio-9999-exec-9] com.jsh.erp.datasource.mappers.DepotHeadMapperEx.getTodoCount - ==> Parameters: 0(String), 入库(String), 采购(String)
2026/03/24-19:00:55 DEBUG [http-nio-9999-exec-6] com.jsh.erp.datasource.mappers.RoleMapperEx.getRoleWithoutTenant - <==      Total: 1
2026/03/24-19:00:55 DEBUG [http-nio-9999-exec-9] com.jsh.erp.datasource.mappers.DepotHeadMapperEx.getTodoCount - <==      Total: 1
2026/03/24-19:00:55 DEBUG [http-nio-9999-exec-9] com.jsh.erp.datasource.mappers.DepotHeadMapperEx.getTodoCount - ==>  Preparing: SELECT count(1) FROM jsh_depot_head dh WHERE dh.tenant_id = 63 AND ifnull(dh.delete_flag, '0') != '1' AND dh.status = ? AND dh.type = ? AND dh.sub_type = ? 
2026/03/24-19:00:55 DEBUG [http-nio-9999-exec-9] com.jsh.erp.datasource.mappers.DepotHeadMapperEx.getTodoCount - ==> Parameters: 0(String), 出库(String), 采购退货(String)
2026/03/24-19:00:55 DEBUG [http-nio-9999-exec-6] com.jsh.erp.datasource.mappers.SystemConfigMapper.selectByExample - ==>  Preparing: SELECT id, company_name, company_contacts, company_address, company_tel, company_fax, company_post_code, sale_agreement, depot_flag, customer_flag, minus_stock_flag, purchase_by_sale_flag, multi_level_approval_flag, multi_bill_type, force_approval_flag, update_unit_price_flag, over_link_bill_flag, in_out_manage_flag, multi_account_flag, move_avg_price_flag, audit_print_flag, zero_change_amount_flag, customer_static_price_flag, receive_type_config, tenant_id, delete_flag FROM jsh_system_config WHERE jsh_system_config.tenant_id = 63 AND (delete_flag <> ?) 
2026/03/24-19:00:55 DEBUG [http-nio-9999-exec-9] com.jsh.erp.datasource.mappers.DepotHeadMapperEx.getTodoCount - <==      Total: 1
2026/03/24-19:00:55 DEBUG [http-nio-9999-exec-6] com.jsh.erp.datasource.mappers.SystemConfigMapper.selectByExample - ==> Parameters: 1(String)
2026/03/24-19:00:55 DEBUG [http-nio-9999-exec-10] com.jsh.erp.datasource.mappers.DepotHeadMapperEx.getTodoCount - ==>  Preparing: SELECT count(1) FROM jsh_depot_head dh WHERE dh.tenant_id = 63 AND ifnull(dh.delete_flag, '0') != '1' AND dh.status = ? AND dh.sub_type = ? 
2026/03/24-19:00:55 DEBUG [http-nio-9999-exec-10] com.jsh.erp.datasource.mappers.DepotHeadMapperEx.getTodoCount - ==> Parameters: 0(String), 销售订单(String)
2026/03/24-19:00:55 DEBUG [http-nio-9999-exec-3] com.jsh.erp.datasource.mappers.UserMapper.selectByPrimaryKey - ==>  Preparing: SELECT id, username, login_name, password, leader_flag, position, department, email, phonenum, ismanager, isystem, status, description, remark, weixin_open_id, tenant_id, delete_flag FROM jsh_user WHERE jsh_user.tenant_id = 63 AND id = ? 
2026/03/24-19:00:55 DEBUG [http-nio-9999-exec-3] com.jsh.erp.datasource.mappers.UserMapper.selectByPrimaryKey - ==> Parameters: 63(Long)
2026/03/24-19:00:55 DEBUG [http-nio-9999-exec-6] com.jsh.erp.datasource.mappers.SystemConfigMapper.selectByExample - <==      Total: 1
2026/03/24-19:00:55 DEBUG [http-nio-9999-exec-6] com.jsh.erp.datasource.mappers.DepotItemMapperEx.inOrOutPriceList - ==>  Preparing: SELECT DISTINCT dh.id, dh.discount_last_money, dh.total_price, dh.type, dh.sub_type, dh.oper_time FROM jsh_depot_head dh LEFT JOIN jsh_depot_item di ON di.tenant_id = 63 AND dh.id = di.header_id AND ifnull(di.delete_flag, '0') != '1' WHERE dh.tenant_id = 63 AND di.id IS NOT NULL AND (dh.type = '入库' OR dh.type = '出库') AND dh.oper_time >= ? AND dh.oper_time <= ? AND ifnull(dh.delete_flag, '0') != '1' 
2026/03/24-19:00:55 DEBUG [http-nio-9999-exec-10] com.jsh.erp.datasource.mappers.DepotHeadMapperEx.getTodoCount - <==      Total: 1
2026/03/24-19:00:55 DEBUG [http-nio-9999-exec-10] com.jsh.erp.datasource.mappers.DepotHeadMapperEx.getTodoCount - ==>  Preparing: SELECT count(1) FROM jsh_depot_head dh WHERE dh.tenant_id = 63 AND ifnull(dh.delete_flag, '0') != '1' AND dh.status = ? AND dh.sub_type = ? 
2026/03/24-19:00:55 DEBUG [http-nio-9999-exec-6] com.jsh.erp.datasource.mappers.DepotItemMapperEx.inOrOutPriceList - ==> Parameters: 2025-10-01 00:00:00(String), 2026-03-24 23:59:59(String)
2026/03/24-19:00:55 DEBUG [http-nio-9999-exec-10] com.jsh.erp.datasource.mappers.DepotHeadMapperEx.getTodoCount - ==> Parameters: 0(String), 采购订单(String)
2026/03/24-19:00:55 DEBUG [http-nio-9999-exec-3] com.jsh.erp.datasource.mappers.UserMapper.selectByPrimaryKey - <==      Total: 1
2026/03/24-19:00:55 DEBUG [http-nio-9999-exec-3] com.jsh.erp.datasource.mappers.UserBusinessMapperEx.getBasicDataByKeyIdAndType - ==>  Preparing: select * from jsh_user_business where key_id=? and type=? and ifnull(delete_flag,'0') !='1' 
2026/03/24-19:00:55 DEBUG [http-nio-9999-exec-6] com.jsh.erp.datasource.mappers.DepotItemMapperEx.inOrOutPriceList - <==      Total: 9
2026/03/24-19:00:55 DEBUG [http-nio-9999-exec-10] com.jsh.erp.datasource.mappers.DepotHeadMapperEx.getTodoCount - <==      Total: 1
2026/03/24-19:00:55 DEBUG [http-nio-9999-exec-10] com.jsh.erp.datasource.mappers.DepotHeadMapperEx.getTodoCount - ==>  Preparing: SELECT count(1) FROM jsh_depot_head dh WHERE dh.tenant_id = 63 AND ifnull(dh.delete_flag, '0') != '1' AND dh.status = ? AND dh.type = ? AND dh.sub_type = ? 
2026/03/24-19:00:55 DEBUG [http-nio-9999-exec-3] com.jsh.erp.datasource.mappers.UserBusinessMapperEx.getBasicDataByKeyIdAndType - ==> Parameters: 63(String), UserRole(String)
2026/03/24-19:00:55 DEBUG [http-nio-9999-exec-6] com.jsh.erp.datasource.mappers.UserBusinessMapperEx.getBasicDataByKeyIdAndType - ==>  Preparing: select * from jsh_user_business where key_id=? and type=? and ifnull(delete_flag,'0') !='1' 
2026/03/24-19:00:55 DEBUG [http-nio-9999-exec-10] com.jsh.erp.datasource.mappers.DepotHeadMapperEx.getTodoCount - ==> Parameters: 0(String), 出库(String), 销售(String)
2026/03/24-19:00:55 DEBUG [http-nio-9999-exec-6] com.jsh.erp.datasource.mappers.UserBusinessMapperEx.getBasicDataByKeyIdAndType - ==> Parameters: 63(String), UserRole(String)
2026/03/24-19:00:55 DEBUG [http-nio-9999-exec-3] com.jsh.erp.datasource.mappers.UserBusinessMapperEx.getBasicDataByKeyIdAndType - <==      Total: 1
2026/03/24-19:00:55 DEBUG [http-nio-9999-exec-3] com.jsh.erp.datasource.mappers.RoleMapperEx.getRoleWithoutTenant - ==>  Preparing: select * from jsh_role where 1=1 and ifnull(delete_flag,'0') !='1' and id=? 
2026/03/24-19:00:55 DEBUG [http-nio-9999-exec-10] com.jsh.erp.datasource.mappers.DepotHeadMapperEx.getTodoCount - <==      Total: 1
2026/03/24-19:00:55 DEBUG [http-nio-9999-exec-10] com.jsh.erp.datasource.mappers.DepotHeadMapperEx.getTodoCount - ==>  Preparing: SELECT count(1) FROM jsh_depot_head dh WHERE dh.tenant_id = 63 AND ifnull(dh.delete_flag, '0') != '1' AND dh.status = ? AND dh.type = ? AND dh.sub_type = ? 
2026/03/24-19:00:55 DEBUG [http-nio-9999-exec-3] com.jsh.erp.datasource.mappers.RoleMapperEx.getRoleWithoutTenant - ==> Parameters: 10(Long)
2026/03/24-19:00:55 DEBUG [http-nio-9999-exec-6] com.jsh.erp.datasource.mappers.UserBusinessMapperEx.getBasicDataByKeyIdAndType - <==      Total: 1
2026/03/24-19:00:55 DEBUG [http-nio-9999-exec-6] com.jsh.erp.datasource.mappers.RoleMapperEx.getRoleWithoutTenant - ==>  Preparing: select * from jsh_role where 1=1 and ifnull(delete_flag,'0') !='1' and id=? 
2026/03/24-19:00:56 DEBUG [http-nio-9999-exec-10] com.jsh.erp.datasource.mappers.DepotHeadMapperEx.getTodoCount - ==> Parameters: 0(String), 入库(String), 销售退货(String)
2026/03/24-19:00:56 DEBUG [http-nio-9999-exec-6] com.jsh.erp.datasource.mappers.RoleMapperEx.getRoleWithoutTenant - ==> Parameters: 10(Long)
2026/03/24-19:00:56 DEBUG [http-nio-9999-exec-3] com.jsh.erp.datasource.mappers.RoleMapperEx.getRoleWithoutTenant - <==      Total: 1
2026/03/24-19:00:56 DEBUG [http-nio-9999-exec-10] com.jsh.erp.datasource.mappers.DepotHeadMapperEx.getTodoCount - <==      Total: 1
2026/03/24-19:00:56 DEBUG [http-nio-9999-exec-6] com.jsh.erp.datasource.mappers.RoleMapperEx.getRoleWithoutTenant - <==      Total: 1
2026/03/24-19:00:56 DEBUG [http-nio-9999-exec-10] com.jsh.erp.datasource.mappers.DepotHeadMapperEx.getTodoCount - ==>  Preparing: SELECT count(1) FROM jsh_depot_head dh WHERE dh.tenant_id = 63 AND ifnull(dh.delete_flag, '0') != '1' AND dh.status = ? AND dh.type = ? AND dh.sub_type = ? 
2026/03/24-19:00:56 DEBUG [http-nio-9999-exec-10] com.jsh.erp.datasource.mappers.DepotHeadMapperEx.getTodoCount - ==> Parameters: 0(String), 入库(String), 采购(String)
2026/03/24-19:00:56 DEBUG [http-nio-9999-exec-3] com.jsh.erp.datasource.mappers.DepotHeadMapperEx.getBuyAndSaleStatisticsList - ==>  Preparing: SELECT DISTINCT dh.id, dh.discount_last_money, dh.total_price, dh.type, dh.sub_type, dh.oper_time FROM jsh_depot_head dh LEFT JOIN jsh_depot_item di ON di.tenant_id = 63 AND dh.id = di.header_id AND ifnull(di.delete_flag, '0') != '1' WHERE dh.tenant_id = 63 AND di.id IS NOT NULL AND (dh.type = '入库' OR dh.type = '出库') AND dh.oper_time >= ? AND dh.oper_time <= ? AND ifnull(dh.delete_flag, '0') != '1' 
2026/03/24-19:00:56 DEBUG [http-nio-9999-exec-3] com.jsh.erp.datasource.mappers.DepotHeadMapperEx.getBuyAndSaleStatisticsList - ==> Parameters: 2026-01-01 00:00:00(String), 2026-12-31 23:59:59(String)
2026/03/24-19:00:56 DEBUG [http-nio-9999-exec-10] com.jsh.erp.datasource.mappers.DepotHeadMapperEx.getTodoCount - <==      Total: 1
2026/03/24-19:00:56 DEBUG [http-nio-9999-exec-10] com.jsh.erp.datasource.mappers.DepotHeadMapperEx.getTodoCount - ==>  Preparing: SELECT count(1) FROM jsh_depot_head dh WHERE dh.tenant_id = 63 AND ifnull(dh.delete_flag, '0') != '1' AND dh.status = ? AND dh.type = ? AND dh.sub_type = ? 
2026/03/24-19:00:56 DEBUG [http-nio-9999-exec-2] com.jsh.erp.datasource.mappers.DepotHeadMapperEx.getTodoCount - ==>  Preparing: SELECT count(1) FROM jsh_depot_head dh WHERE dh.tenant_id = 63 AND ifnull(dh.delete_flag, '0') != '1' AND dh.status = ? AND dh.sub_type = ? 
2026/03/24-19:00:56 DEBUG [http-nio-9999-exec-10] com.jsh.erp.datasource.mappers.DepotHeadMapperEx.getTodoCount - ==> Parameters: 0(String), 出库(String), 采购退货(String)
2026/03/24-19:00:56 DEBUG [http-nio-9999-exec-3] com.jsh.erp.datasource.mappers.DepotHeadMapperEx.getBuyAndSaleStatisticsList - <==      Total: 9
2026/03/24-19:00:56 DEBUG [http-nio-9999-exec-2] com.jsh.erp.datasource.mappers.DepotHeadMapperEx.getTodoCount - ==> Parameters: 0(String), 销售订单(String)
2026/03/24-19:00:56 DEBUG [http-nio-9999-exec-10] com.jsh.erp.datasource.mappers.DepotHeadMapperEx.getTodoCount - <==      Total: 1
2026/03/24-19:00:56 DEBUG [http-nio-9999-exec-2] com.jsh.erp.datasource.mappers.DepotHeadMapperEx.getTodoCount - <==      Total: 1
2026/03/24-19:00:56 DEBUG [http-nio-9999-exec-2] com.jsh.erp.datasource.mappers.DepotHeadMapperEx.getTodoCount - ==>  Preparing: SELECT count(1) FROM jsh_depot_head dh WHERE dh.tenant_id = 63 AND ifnull(dh.delete_flag, '0') != '1' AND dh.status = ? AND dh.sub_type = ? 
2026/03/24-19:00:56 DEBUG [http-nio-9999-exec-2] com.jsh.erp.datasource.mappers.DepotHeadMapperEx.getTodoCount - ==> Parameters: 0(String), 采购订单(String)
2026/03/24-19:00:56 DEBUG [http-nio-9999-exec-2] com.jsh.erp.datasource.mappers.DepotHeadMapperEx.getTodoCount - <==      Total: 1
2026/03/24-19:00:56 DEBUG [http-nio-9999-exec-2] com.jsh.erp.datasource.mappers.DepotHeadMapperEx.getTodoCount - ==>  Preparing: SELECT count(1) FROM jsh_depot_head dh WHERE dh.tenant_id = 63 AND ifnull(dh.delete_flag, '0') != '1' AND dh.status = ? AND dh.type = ? AND dh.sub_type = ? 
2026/03/24-19:00:56 DEBUG [http-nio-9999-exec-2] com.jsh.erp.datasource.mappers.DepotHeadMapperEx.getTodoCount - ==> Parameters: 0(String), 出库(String), 销售(String)
2026/03/24-19:00:56 DEBUG [http-nio-9999-exec-2] com.jsh.erp.datasource.mappers.DepotHeadMapperEx.getTodoCount - <==      Total: 1
2026/03/24-19:00:56 DEBUG [http-nio-9999-exec-2] com.jsh.erp.datasource.mappers.DepotHeadMapperEx.getTodoCount - ==>  Preparing: SELECT count(1) FROM jsh_depot_head dh WHERE dh.tenant_id = 63 AND ifnull(dh.delete_flag, '0') != '1' AND dh.status = ? AND dh.type = ? AND dh.sub_type = ? 
2026/03/24-19:00:56 DEBUG [http-nio-9999-exec-2] com.jsh.erp.datasource.mappers.DepotHeadMapperEx.getTodoCount - ==> Parameters: 0(String), 入库(String), 销售退货(String)
2026/03/24-19:00:57 DEBUG [http-nio-9999-exec-2] com.jsh.erp.datasource.mappers.DepotHeadMapperEx.getTodoCount - <==      Total: 1
2026/03/24-19:00:57 DEBUG [http-nio-9999-exec-2] com.jsh.erp.datasource.mappers.DepotHeadMapperEx.getTodoCount - ==>  Preparing: SELECT count(1) FROM jsh_depot_head dh WHERE dh.tenant_id = 63 AND ifnull(dh.delete_flag, '0') != '1' AND dh.status = ? AND dh.type = ? AND dh.sub_type = ? 
2026/03/24-19:00:57 DEBUG [http-nio-9999-exec-2] com.jsh.erp.datasource.mappers.DepotHeadMapperEx.getTodoCount - ==> Parameters: 0(String), 入库(String), 采购(String)
2026/03/24-19:00:57 DEBUG [http-nio-9999-exec-2] com.jsh.erp.datasource.mappers.DepotHeadMapperEx.getTodoCount - <==      Total: 1
2026/03/24-19:00:57 DEBUG [http-nio-9999-exec-2] com.jsh.erp.datasource.mappers.DepotHeadMapperEx.getTodoCount - ==>  Preparing: SELECT count(1) FROM jsh_depot_head dh WHERE dh.tenant_id = 63 AND ifnull(dh.delete_flag, '0') != '1' AND dh.status = ? AND dh.type = ? AND dh.sub_type = ? 
2026/03/24-19:00:57 DEBUG [http-nio-9999-exec-2] com.jsh.erp.datasource.mappers.DepotHeadMapperEx.getTodoCount - ==> Parameters: 0(String), 出库(String), 采购退货(String)
2026/03/24-19:00:57 DEBUG [http-nio-9999-exec-2] com.jsh.erp.datasource.mappers.DepotHeadMapperEx.getTodoCount - <==      Total: 1
2026/03/24-19:00:57 DEBUG [http-nio-9999-exec-5] com.jsh.erp.datasource.mappers.DepotHeadMapperEx.getTodoCount - ==>  Preparing: SELECT count(1) FROM jsh_depot_head dh WHERE dh.tenant_id = 63 AND ifnull(dh.delete_flag, '0') != '1' AND dh.status = ? AND dh.sub_type = ? 
2026/03/24-19:00:57 DEBUG [http-nio-9999-exec-5] com.jsh.erp.datasource.mappers.DepotHeadMapperEx.getTodoCount - ==> Parameters: 0(String), 销售订单(String)
2026/03/24-19:00:58 DEBUG [http-nio-9999-exec-5] com.jsh.erp.datasource.mappers.DepotHeadMapperEx.getTodoCount - <==      Total: 1
2026/03/24-19:00:58 DEBUG [http-nio-9999-exec-5] com.jsh.erp.datasource.mappers.DepotHeadMapperEx.getTodoCount - ==>  Preparing: SELECT count(1) FROM jsh_depot_head dh WHERE dh.tenant_id = 63 AND ifnull(dh.delete_flag, '0') != '1' AND dh.status = ? AND dh.sub_type = ? 
2026/03/24-19:00:58 DEBUG [http-nio-9999-exec-5] com.jsh.erp.datasource.mappers.DepotHeadMapperEx.getTodoCount - ==> Parameters: 0(String), 采购订单(String)
2026/03/24-19:00:58 DEBUG [http-nio-9999-exec-5] com.jsh.erp.datasource.mappers.DepotHeadMapperEx.getTodoCount - <==      Total: 1
2026/03/24-19:00:58 DEBUG [http-nio-9999-exec-5] com.jsh.erp.datasource.mappers.DepotHeadMapperEx.getTodoCount - ==>  Preparing: SELECT count(1) FROM jsh_depot_head dh WHERE dh.tenant_id = 63 AND ifnull(dh.delete_flag, '0') != '1' AND dh.status = ? AND dh.type = ? AND dh.sub_type = ? 
2026/03/24-19:00:58 DEBUG [http-nio-9999-exec-5] com.jsh.erp.datasource.mappers.DepotHeadMapperEx.getTodoCount - ==> Parameters: 0(String), 出库(String), 销售(String)
2026/03/24-19:00:58 DEBUG [http-nio-9999-exec-5] com.jsh.erp.datasource.mappers.DepotHeadMapperEx.getTodoCount - <==      Total: 1
2026/03/24-19:00:58 DEBUG [http-nio-9999-exec-5] com.jsh.erp.datasource.mappers.DepotHeadMapperEx.getTodoCount - ==>  Preparing: SELECT count(1) FROM jsh_depot_head dh WHERE dh.tenant_id = 63 AND ifnull(dh.delete_flag, '0') != '1' AND dh.status = ? AND dh.type = ? AND dh.sub_type = ? 
2026/03/24-19:00:58 DEBUG [http-nio-9999-exec-5] com.jsh.erp.datasource.mappers.DepotHeadMapperEx.getTodoCount - ==> Parameters: 0(String), 入库(String), 销售退货(String)
2026/03/24-19:00:58 DEBUG [http-nio-9999-exec-5] com.jsh.erp.datasource.mappers.DepotHeadMapperEx.getTodoCount - <==      Total: 1
2026/03/24-19:00:58 DEBUG [http-nio-9999-exec-5] com.jsh.erp.datasource.mappers.DepotHeadMapperEx.getTodoCount - ==>  Preparing: SELECT count(1) FROM jsh_depot_head dh WHERE dh.tenant_id = 63 AND ifnull(dh.delete_flag, '0') != '1' AND dh.status = ? AND dh.type = ? AND dh.sub_type = ? 
2026/03/24-19:00:58 DEBUG [http-nio-9999-exec-5] com.jsh.erp.datasource.mappers.DepotHeadMapperEx.getTodoCount - ==> Parameters: 0(String), 入库(String), 采购(String)
2026/03/24-19:00:58 DEBUG [http-nio-9999-exec-4] com.jsh.erp.datasource.mappers.DepotHeadMapperEx.getTodoCount - ==>  Preparing: SELECT count(1) FROM jsh_depot_head dh WHERE dh.tenant_id = 63 AND ifnull(dh.delete_flag, '0') != '1' AND dh.status = ? AND dh.sub_type = ? 
2026/03/24-19:00:58 DEBUG [http-nio-9999-exec-4] com.jsh.erp.datasource.mappers.DepotHeadMapperEx.getTodoCount - ==> Parameters: 0(String), 销售订单(String)
2026/03/24-19:00:58 DEBUG [http-nio-9999-exec-5] com.jsh.erp.datasource.mappers.DepotHeadMapperEx.getTodoCount - <==      Total: 1
2026/03/24-19:00:58 DEBUG [http-nio-9999-exec-5] com.jsh.erp.datasource.mappers.DepotHeadMapperEx.getTodoCount - ==>  Preparing: SELECT count(1) FROM jsh_depot_head dh WHERE dh.tenant_id = 63 AND ifnull(dh.delete_flag, '0') != '1' AND dh.status = ? AND dh.type = ? AND dh.sub_type = ? 
2026/03/24-19:00:58 DEBUG [http-nio-9999-exec-5] com.jsh.erp.datasource.mappers.DepotHeadMapperEx.getTodoCount - ==> Parameters: 0(String), 出库(String), 采购退货(String)
2026/03/24-19:00:58 DEBUG [http-nio-9999-exec-4] com.jsh.erp.datasource.mappers.DepotHeadMapperEx.getTodoCount - <==      Total: 1
2026/03/24-19:00:58 DEBUG [http-nio-9999-exec-4] com.jsh.erp.datasource.mappers.DepotHeadMapperEx.getTodoCount - ==>  Preparing: SELECT count(1) FROM jsh_depot_head dh WHERE dh.tenant_id = 63 AND ifnull(dh.delete_flag, '0') != '1' AND dh.status = ? AND dh.sub_type = ? 
2026/03/24-19:00:58 DEBUG [http-nio-9999-exec-4] com.jsh.erp.datasource.mappers.DepotHeadMapperEx.getTodoCount - ==> Parameters: 0(String), 采购订单(String)
2026/03/24-19:00:59 DEBUG [http-nio-9999-exec-5] com.jsh.erp.datasource.mappers.DepotHeadMapperEx.getTodoCount - <==      Total: 1
2026/03/24-19:00:59 DEBUG [http-nio-9999-exec-4] com.jsh.erp.datasource.mappers.DepotHeadMapperEx.getTodoCount - <==      Total: 1
2026/03/24-19:00:59 DEBUG [http-nio-9999-exec-4] com.jsh.erp.datasource.mappers.DepotHeadMapperEx.getTodoCount - ==>  Preparing: SELECT count(1) FROM jsh_depot_head dh WHERE dh.tenant_id = 63 AND ifnull(dh.delete_flag, '0') != '1' AND dh.status = ? AND dh.type = ? AND dh.sub_type = ? 
2026/03/24-19:00:59 DEBUG [http-nio-9999-exec-4] com.jsh.erp.datasource.mappers.DepotHeadMapperEx.getTodoCount - ==> Parameters: 0(String), 出库(String), 销售(String)
2026/03/24-19:00:59 DEBUG [http-nio-9999-exec-4] com.jsh.erp.datasource.mappers.DepotHeadMapperEx.getTodoCount - <==      Total: 1
2026/03/24-19:00:59 DEBUG [http-nio-9999-exec-4] com.jsh.erp.datasource.mappers.DepotHeadMapperEx.getTodoCount - ==>  Preparing: SELECT count(1) FROM jsh_depot_head dh WHERE dh.tenant_id = 63 AND ifnull(dh.delete_flag, '0') != '1' AND dh.status = ? AND dh.type = ? AND dh.sub_type = ? 
2026/03/24-19:00:59 DEBUG [http-nio-9999-exec-4] com.jsh.erp.datasource.mappers.DepotHeadMapperEx.getTodoCount - ==> Parameters: 0(String), 入库(String), 销售退货(String)
2026/03/24-19:00:59 DEBUG [http-nio-9999-exec-7] com.jsh.erp.datasource.mappers.DepotHeadMapperEx.getTodoCount - ==>  Preparing: SELECT count(1) FROM jsh_depot_head dh WHERE dh.tenant_id = 63 AND ifnull(dh.delete_flag, '0') != '1' AND dh.status = ? AND dh.sub_type = ? 
2026/03/24-19:00:59 DEBUG [http-nio-9999-exec-4] com.jsh.erp.datasource.mappers.DepotHeadMapperEx.getTodoCount - <==      Total: 1
2026/03/24-19:00:59 DEBUG [http-nio-9999-exec-4] com.jsh.erp.datasource.mappers.DepotHeadMapperEx.getTodoCount - ==>  Preparing: SELECT count(1) FROM jsh_depot_head dh WHERE dh.tenant_id = 63 AND ifnull(dh.delete_flag, '0') != '1' AND dh.status = ? AND dh.type = ? AND dh.sub_type = ? 
2026/03/24-19:00:59 DEBUG [http-nio-9999-exec-7] com.jsh.erp.datasource.mappers.DepotHeadMapperEx.getTodoCount - ==> Parameters: 0(String), 销售订单(String)
2026/03/24-19:00:59 DEBUG [http-nio-9999-exec-4] com.jsh.erp.datasource.mappers.DepotHeadMapperEx.getTodoCount - ==> Parameters: 0(String), 入库(String), 采购(String)
2026/03/24-19:00:59 DEBUG [http-nio-9999-exec-7] com.jsh.erp.datasource.mappers.DepotHeadMapperEx.getTodoCount - <==      Total: 1
2026/03/24-19:00:59 DEBUG [http-nio-9999-exec-7] com.jsh.erp.datasource.mappers.DepotHeadMapperEx.getTodoCount - ==>  Preparing: SELECT count(1) FROM jsh_depot_head dh WHERE dh.tenant_id = 63 AND ifnull(dh.delete_flag, '0') != '1' AND dh.status = ? AND dh.sub_type = ? 
2026/03/24-19:00:59 DEBUG [http-nio-9999-exec-4] com.jsh.erp.datasource.mappers.DepotHeadMapperEx.getTodoCount - <==      Total: 1
2026/03/24-19:00:59 DEBUG [http-nio-9999-exec-4] com.jsh.erp.datasource.mappers.DepotHeadMapperEx.getTodoCount - ==>  Preparing: SELECT count(1) FROM jsh_depot_head dh WHERE dh.tenant_id = 63 AND ifnull(dh.delete_flag, '0') != '1' AND dh.status = ? AND dh.type = ? AND dh.sub_type = ? 
2026/03/24-19:00:59 DEBUG [http-nio-9999-exec-7] com.jsh.erp.datasource.mappers.DepotHeadMapperEx.getTodoCount - ==> Parameters: 0(String), 采购订单(String)
2026/03/24-19:00:59 DEBUG [http-nio-9999-exec-4] com.jsh.erp.datasource.mappers.DepotHeadMapperEx.getTodoCount - ==> Parameters: 0(String), 出库(String), 采购退货(String)
2026/03/24-19:00:59 DEBUG [http-nio-9999-exec-7] com.jsh.erp.datasource.mappers.DepotHeadMapperEx.getTodoCount - <==      Total: 1
2026/03/24-19:00:59 DEBUG [http-nio-9999-exec-7] com.jsh.erp.datasource.mappers.DepotHeadMapperEx.getTodoCount - ==>  Preparing: SELECT count(1) FROM jsh_depot_head dh WHERE dh.tenant_id = 63 AND ifnull(dh.delete_flag, '0') != '1' AND dh.status = ? AND dh.type = ? AND dh.sub_type = ? 
2026/03/24-19:00:59 DEBUG [http-nio-9999-exec-4] com.jsh.erp.datasource.mappers.DepotHeadMapperEx.getTodoCount - <==      Total: 1
2026/03/24-19:00:59 DEBUG [http-nio-9999-exec-7] com.jsh.erp.datasource.mappers.DepotHeadMapperEx.getTodoCount - ==> Parameters: 0(String), 出库(String), 销售(String)
2026/03/24-19:00:59 DEBUG [http-nio-9999-exec-7] com.jsh.erp.datasource.mappers.DepotHeadMapperEx.getTodoCount - <==      Total: 1
2026/03/24-19:00:59 DEBUG [http-nio-9999-exec-7] com.jsh.erp.datasource.mappers.DepotHeadMapperEx.getTodoCount - ==>  Preparing: SELECT count(1) FROM jsh_depot_head dh WHERE dh.tenant_id = 63 AND ifnull(dh.delete_flag, '0') != '1' AND dh.status = ? AND dh.type = ? AND dh.sub_type = ? 
2026/03/24-19:01:00 DEBUG [http-nio-9999-exec-7] com.jsh.erp.datasource.mappers.DepotHeadMapperEx.getTodoCount - ==> Parameters: 0(String), 入库(String), 销售退货(String)
2026/03/24-19:01:00 DEBUG [http-nio-9999-exec-7] com.jsh.erp.datasource.mappers.DepotHeadMapperEx.getTodoCount - <==      Total: 1
2026/03/24-19:01:00 DEBUG [http-nio-9999-exec-7] com.jsh.erp.datasource.mappers.DepotHeadMapperEx.getTodoCount - ==>  Preparing: SELECT count(1) FROM jsh_depot_head dh WHERE dh.tenant_id = 63 AND ifnull(dh.delete_flag, '0') != '1' AND dh.status = ? AND dh.type = ? AND dh.sub_type = ? 
2026/03/24-19:01:00 DEBUG [http-nio-9999-exec-7] com.jsh.erp.datasource.mappers.DepotHeadMapperEx.getTodoCount - ==> Parameters: 0(String), 入库(String), 采购(String)
2026/03/24-19:01:00 DEBUG [http-nio-9999-exec-7] com.jsh.erp.datasource.mappers.DepotHeadMapperEx.getTodoCount - <==      Total: 1
2026/03/24-19:01:00 DEBUG [http-nio-9999-exec-7] com.jsh.erp.datasource.mappers.DepotHeadMapperEx.getTodoCount - ==>  Preparing: SELECT count(1) FROM jsh_depot_head dh WHERE dh.tenant_id = 63 AND ifnull(dh.delete_flag, '0') != '1' AND dh.status = ? AND dh.type = ? AND dh.sub_type = ? 
2026/03/24-19:01:00 DEBUG [http-nio-9999-exec-7] com.jsh.erp.datasource.mappers.DepotHeadMapperEx.getTodoCount - ==> Parameters: 0(String), 出库(String), 采购退货(String)
2026/03/24-19:01:00 DEBUG [http-nio-9999-exec-1] com.jsh.erp.datasource.mappers.DepotHeadMapperEx.getTodoCount - ==>  Preparing: SELECT count(1) FROM jsh_depot_head dh WHERE dh.tenant_id = 63 AND ifnull(dh.delete_flag, '0') != '1' AND dh.status = ? AND dh.sub_type = ? 
2026/03/24-19:01:00 DEBUG [http-nio-9999-exec-1] com.jsh.erp.datasource.mappers.DepotHeadMapperEx.getTodoCount - ==> Parameters: 0(String), 销售订单(String)
2026/03/24-19:01:00 DEBUG [http-nio-9999-exec-7] com.jsh.erp.datasource.mappers.DepotHeadMapperEx.getTodoCount - <==      Total: 1
2026/03/24-19:01:00 DEBUG [http-nio-9999-exec-1] com.jsh.erp.datasource.mappers.DepotHeadMapperEx.getTodoCount - <==      Total: 1
2026/03/24-19:01:00 DEBUG [http-nio-9999-exec-1] com.jsh.erp.datasource.mappers.DepotHeadMapperEx.getTodoCount - ==>  Preparing: SELECT count(1) FROM jsh_depot_head dh WHERE dh.tenant_id = 63 AND ifnull(dh.delete_flag, '0') != '1' AND dh.status = ? AND dh.sub_type = ? 
2026/03/24-19:01:00 DEBUG [http-nio-9999-exec-1] com.jsh.erp.datasource.mappers.DepotHeadMapperEx.getTodoCount - ==> Parameters: 0(String), 采购订单(String)
2026/03/24-19:01:00 DEBUG [http-nio-9999-exec-1] com.jsh.erp.datasource.mappers.DepotHeadMapperEx.getTodoCount - <==      Total: 1
2026/03/24-19:01:00 DEBUG [http-nio-9999-exec-1] com.jsh.erp.datasource.mappers.DepotHeadMapperEx.getTodoCount - ==>  Preparing: SELECT count(1) FROM jsh_depot_head dh WHERE dh.tenant_id = 63 AND ifnull(dh.delete_flag, '0') != '1' AND dh.status = ? AND dh.type = ? AND dh.sub_type = ? 
2026/03/24-19:01:00 DEBUG [http-nio-9999-exec-1] com.jsh.erp.datasource.mappers.DepotHeadMapperEx.getTodoCount - ==> Parameters: 0(String), 出库(String), 销售(String)
2026/03/24-19:01:01 DEBUG [http-nio-9999-exec-1] com.jsh.erp.datasource.mappers.DepotHeadMapperEx.getTodoCount - <==      Total: 1
2026/03/24-19:01:01 DEBUG [http-nio-9999-exec-1] com.jsh.erp.datasource.mappers.DepotHeadMapperEx.getTodoCount - ==>  Preparing: SELECT count(1) FROM jsh_depot_head dh WHERE dh.tenant_id = 63 AND ifnull(dh.delete_flag, '0') != '1' AND dh.status = ? AND dh.type = ? AND dh.sub_type = ? 
2026/03/24-19:01:01 DEBUG [http-nio-9999-exec-1] com.jsh.erp.datasource.mappers.DepotHeadMapperEx.getTodoCount - ==> Parameters: 0(String), 入库(String), 销售退货(String)
2026/03/24-19:01:01 DEBUG [http-nio-9999-exec-1] com.jsh.erp.datasource.mappers.DepotHeadMapperEx.getTodoCount - <==      Total: 1
2026/03/24-19:01:01 DEBUG [http-nio-9999-exec-1] com.jsh.erp.datasource.mappers.DepotHeadMapperEx.getTodoCount - ==>  Preparing: SELECT count(1) FROM jsh_depot_head dh WHERE dh.tenant_id = 63 AND ifnull(dh.delete_flag, '0') != '1' AND dh.status = ? AND dh.type = ? AND dh.sub_type = ? 
2026/03/24-19:01:01 DEBUG [http-nio-9999-exec-1] com.jsh.erp.datasource.mappers.DepotHeadMapperEx.getTodoCount - ==> Parameters: 0(String), 入库(String), 采购(String)
2026/03/24-19:01:01 DEBUG [http-nio-9999-exec-1] com.jsh.erp.datasource.mappers.DepotHeadMapperEx.getTodoCount - <==      Total: 1
2026/03/24-19:01:01 DEBUG [http-nio-9999-exec-1] com.jsh.erp.datasource.mappers.DepotHeadMapperEx.getTodoCount - ==>  Preparing: SELECT count(1) FROM jsh_depot_head dh WHERE dh.tenant_id = 63 AND ifnull(dh.delete_flag, '0') != '1' AND dh.status = ? AND dh.type = ? AND dh.sub_type = ? 
2026/03/24-19:01:01 DEBUG [http-nio-9999-exec-1] com.jsh.erp.datasource.mappers.DepotHeadMapperEx.getTodoCount - ==> Parameters: 0(String), 出库(String), 采购退货(String)
2026/03/24-19:01:01 DEBUG [http-nio-9999-exec-1] com.jsh.erp.datasource.mappers.DepotHeadMapperEx.getTodoCount - <==      Total: 1
2026/03/24-19:01:02 DEBUG [http-nio-9999-exec-8] com.jsh.erp.datasource.mappers.DepotHeadMapperEx.getTodoCount - ==>  Preparing: SELECT count(1) FROM jsh_depot_head dh WHERE dh.tenant_id = 63 AND ifnull(dh.delete_flag, '0') != '1' AND dh.status = ? AND dh.sub_type = ? 
2026/03/24-19:01:02 DEBUG [http-nio-9999-exec-8] com.jsh.erp.datasource.mappers.DepotHeadMapperEx.getTodoCount - ==> Parameters: 0(String), 销售订单(String)
2026/03/24-19:01:02 DEBUG [http-nio-9999-exec-8] com.jsh.erp.datasource.mappers.DepotHeadMapperEx.getTodoCount - <==      Total: 1
2026/03/24-19:01:02 DEBUG [http-nio-9999-exec-8] com.jsh.erp.datasource.mappers.DepotHeadMapperEx.getTodoCount - ==>  Preparing: SELECT count(1) FROM jsh_depot_head dh WHERE dh.tenant_id = 63 AND ifnull(dh.delete_flag, '0') != '1' AND dh.status = ? AND dh.sub_type = ? 
2026/03/24-19:01:02 DEBUG [http-nio-9999-exec-8] com.jsh.erp.datasource.mappers.DepotHeadMapperEx.getTodoCount - ==> Parameters: 0(String), 采购订单(String)
2026/03/24-19:01:02 DEBUG [http-nio-9999-exec-8] com.jsh.erp.datasource.mappers.DepotHeadMapperEx.getTodoCount - <==      Total: 1
2026/03/24-19:01:02 DEBUG [http-nio-9999-exec-8] com.jsh.erp.datasource.mappers.DepotHeadMapperEx.getTodoCount - ==>  Preparing: SELECT count(1) FROM jsh_depot_head dh WHERE dh.tenant_id = 63 AND ifnull(dh.delete_flag, '0') != '1' AND dh.status = ? AND dh.type = ? AND dh.sub_type = ? 
2026/03/24-19:01:02 DEBUG [http-nio-9999-exec-8] com.jsh.erp.datasource.mappers.DepotHeadMapperEx.getTodoCount - ==> Parameters: 0(String), 出库(String), 销售(String)
2026/03/24-19:01:03 DEBUG [http-nio-9999-exec-8] com.jsh.erp.datasource.mappers.DepotHeadMapperEx.getTodoCount - <==      Total: 1
2026/03/24-19:01:03 DEBUG [http-nio-9999-exec-8] com.jsh.erp.datasource.mappers.DepotHeadMapperEx.getTodoCount - ==>  Preparing: SELECT count(1) FROM jsh_depot_head dh WHERE dh.tenant_id = 63 AND ifnull(dh.delete_flag, '0') != '1' AND dh.status = ? AND dh.type = ? AND dh.sub_type = ? 
2026/03/24-19:01:03 DEBUG [http-nio-9999-exec-8] com.jsh.erp.datasource.mappers.DepotHeadMapperEx.getTodoCount - ==> Parameters: 0(String), 入库(String), 销售退货(String)
2026/03/24-19:01:03 DEBUG [http-nio-9999-exec-8] com.jsh.erp.datasource.mappers.DepotHeadMapperEx.getTodoCount - <==      Total: 1
2026/03/24-19:01:03 DEBUG [http-nio-9999-exec-8] com.jsh.erp.datasource.mappers.DepotHeadMapperEx.getTodoCount - ==>  Preparing: SELECT count(1) FROM jsh_depot_head dh WHERE dh.tenant_id = 63 AND ifnull(dh.delete_flag, '0') != '1' AND dh.status = ? AND dh.type = ? AND dh.sub_type = ? 
2026/03/24-19:01:03 DEBUG [http-nio-9999-exec-8] com.jsh.erp.datasource.mappers.DepotHeadMapperEx.getTodoCount - ==> Parameters: 0(String), 入库(String), 采购(String)
2026/03/24-19:01:03 DEBUG [http-nio-9999-exec-8] com.jsh.erp.datasource.mappers.DepotHeadMapperEx.getTodoCount - <==      Total: 1
2026/03/24-19:01:03 DEBUG [http-nio-9999-exec-8] com.jsh.erp.datasource.mappers.DepotHeadMapperEx.getTodoCount - ==>  Preparing: SELECT count(1) FROM jsh_depot_head dh WHERE dh.tenant_id = 63 AND ifnull(dh.delete_flag, '0') != '1' AND dh.status = ? AND dh.type = ? AND dh.sub_type = ? 
2026/03/24-19:01:03 DEBUG [http-nio-9999-exec-8] com.jsh.erp.datasource.mappers.DepotHeadMapperEx.getTodoCount - ==> Parameters: 0(String), 出库(String), 采购退货(String)
2026/03/24-19:01:03 DEBUG [http-nio-9999-exec-8] com.jsh.erp.datasource.mappers.DepotHeadMapperEx.getTodoCount - <==      Total: 1
2026/03/24-19:01:04 DEBUG [http-nio-9999-exec-9] com.jsh.erp.datasource.mappers.DepotHeadMapperEx.getTodoCount - ==>  Preparing: SELECT count(1) FROM jsh_depot_head dh WHERE dh.tenant_id = 63 AND ifnull(dh.delete_flag, '0') != '1' AND dh.status = ? AND dh.sub_type = ? 
2026/03/24-19:01:04 DEBUG [http-nio-9999-exec-9] com.jsh.erp.datasource.mappers.DepotHeadMapperEx.getTodoCount - ==> Parameters: 0(String), 销售订单(String)
2026/03/24-19:01:04 DEBUG [http-nio-9999-exec-9] com.jsh.erp.datasource.mappers.DepotHeadMapperEx.getTodoCount - <==      Total: 1
2026/03/24-19:01:04 DEBUG [http-nio-9999-exec-9] com.jsh.erp.datasource.mappers.DepotHeadMapperEx.getTodoCount - ==>  Preparing: SELECT count(1) FROM jsh_depot_head dh WHERE dh.tenant_id = 63 AND ifnull(dh.delete_flag, '0') != '1' AND dh.status = ? AND dh.sub_type = ? 
2026/03/24-19:01:04 DEBUG [http-nio-9999-exec-9] com.jsh.erp.datasource.mappers.DepotHeadMapperEx.getTodoCount - ==> Parameters: 0(String), 采购订单(String)
2026/03/24-19:01:04 DEBUG [http-nio-9999-exec-9] com.jsh.erp.datasource.mappers.DepotHeadMapperEx.getTodoCount - <==      Total: 1
2026/03/24-19:01:04 DEBUG [http-nio-9999-exec-9] com.jsh.erp.datasource.mappers.DepotHeadMapperEx.getTodoCount - ==>  Preparing: SELECT count(1) FROM jsh_depot_head dh WHERE dh.tenant_id = 63 AND ifnull(dh.delete_flag, '0') != '1' AND dh.status = ? AND dh.type = ? AND dh.sub_type = ? 
2026/03/24-19:01:04 DEBUG [http-nio-9999-exec-9] com.jsh.erp.datasource.mappers.DepotHeadMapperEx.getTodoCount - ==> Parameters: 0(String), 出库(String), 销售(String)
2026/03/24-19:01:04 DEBUG [http-nio-9999-exec-9] com.jsh.erp.datasource.mappers.DepotHeadMapperEx.getTodoCount - <==      Total: 1
2026/03/24-19:01:05 DEBUG [http-nio-9999-exec-9] com.jsh.erp.datasource.mappers.DepotHeadMapperEx.getTodoCount - ==>  Preparing: SELECT count(1) FROM jsh_depot_head dh WHERE dh.tenant_id = 63 AND ifnull(dh.delete_flag, '0') != '1' AND dh.status = ? AND dh.type = ? AND dh.sub_type = ? 
2026/03/24-19:01:05 DEBUG [http-nio-9999-exec-9] com.jsh.erp.datasource.mappers.DepotHeadMapperEx.getTodoCount - ==> Parameters: 0(String), 入库(String), 销售退货(String)
2026/03/24-19:01:05 DEBUG [http-nio-9999-exec-9] com.jsh.erp.datasource.mappers.DepotHeadMapperEx.getTodoCount - <==      Total: 1
2026/03/24-19:01:05 DEBUG [http-nio-9999-exec-9] com.jsh.erp.datasource.mappers.DepotHeadMapperEx.getTodoCount - ==>  Preparing: SELECT count(1) FROM jsh_depot_head dh WHERE dh.tenant_id = 63 AND ifnull(dh.delete_flag, '0') != '1' AND dh.status = ? AND dh.type = ? AND dh.sub_type = ? 
2026/03/24-19:01:05 DEBUG [http-nio-9999-exec-9] com.jsh.erp.datasource.mappers.DepotHeadMapperEx.getTodoCount - ==> Parameters: 0(String), 入库(String), 采购(String)
2026/03/24-19:01:05 DEBUG [http-nio-9999-exec-9] com.jsh.erp.datasource.mappers.DepotHeadMapperEx.getTodoCount - <==      Total: 1
2026/03/24-19:01:05 DEBUG [http-nio-9999-exec-9] com.jsh.erp.datasource.mappers.DepotHeadMapperEx.getTodoCount - ==>  Preparing: SELECT count(1) FROM jsh_depot_head dh WHERE dh.tenant_id = 63 AND ifnull(dh.delete_flag, '0') != '1' AND dh.status = ? AND dh.type = ? AND dh.sub_type = ? 
2026/03/24-19:01:05 DEBUG [http-nio-9999-exec-9] com.jsh.erp.datasource.mappers.DepotHeadMapperEx.getTodoCount - ==> Parameters: 0(String), 出库(String), 采购退货(String)
2026/03/24-19:01:05 DEBUG [http-nio-9999-exec-9] com.jsh.erp.datasource.mappers.DepotHeadMapperEx.getTodoCount - <==      Total: 1
2026/03/24-19:01:07 ERROR [http-nio-9999-exec-6] com.jsh.erp.exception.GlobalExceptionHandler - Global Exception Occured => url : http://localhost:9999/jshERP-boot/depotHead/getTodoCount, msg : Error creating bean with name 'depotHeadController': Injection of resource dependencies failed; nested exception is org.springframework.beans.factory.BeanCreationException: Error creating bean with name 'depotHeadService': Injection of resource dependencies failed; nested exception is org.springframework.beans.factory.BeanCreationException: Error creating bean with name 'userService': Injection of resource dependencies failed; nested exception is org.springframework.beans.factory.BeanCreationException: Error creating bean with name 'orgaUserRelService': Injection of resource dependencies failed; nested exception is org.springframework.beans.factory.BeanCreationException: Error creating bean with name 'org.springframework.transaction.annotation.ProxyTransactionManagementConfiguration': Initialization of bean failed; nested exception is org.springframework.beans.factory.NoSuchBeanDefinitionException: No bean named 'org.springframework.context.annotation.ConfigurationClassPostProcessor.importRegistry' available
2026/03/24-19:01:07 ERROR [http-nio-9999-exec-6] com.jsh.erp.exception.GlobalExceptionHandler - Global Exception Occured => url : http://localhost:9999/jshERP-boot/depotHead/getTodoCount
org.springframework.beans.factory.BeanCreationException: Error creating bean with name 'depotHeadController': Injection of resource dependencies failed; nested exception is org.springframework.beans.factory.BeanCreationException: Error creating bean with name 'depotHeadService': Injection of resource dependencies failed; nested exception is org.springframework.beans.factory.BeanCreationException: Error creating bean with name 'userService': Injection of resource dependencies failed; nested exception is org.springframework.beans.factory.BeanCreationException: Error creating bean with name 'orgaUserRelService': Injection of resource dependencies failed; nested exception is org.springframework.beans.factory.BeanCreationException: Error creating bean with name 'org.springframework.transaction.annotation.ProxyTransactionManagementConfiguration': Initialization of bean failed; nested exception is org.springframework.beans.factory.NoSuchBeanDefinitionException: No bean named 'org.springframework.context.annotation.ConfigurationClassPostProcessor.importRegistry' available
	at org.springframework.context.annotation.CommonAnnotationBeanPostProcessor.postProcessPropertyValues(CommonAnnotationBeanPostProcessor.java:321)
	at org.springframework.beans.factory.support.AbstractAutowireCapableBeanFactory.populateBean(AbstractAutowireCapableBeanFactory.java:1344)
	at org.springframework.beans.factory.support.AbstractAutowireCapableBeanFactory.doCreateBean(AbstractAutowireCapableBeanFactory.java:582)
	at org.springframework.beans.factory.support.AbstractAutowireCapableBeanFactory.createBean(AbstractAutowireCapableBeanFactory.java:502)
	at org.springframework.beans.factory.support.AbstractBeanFactory.lambda$doGetBean$0(AbstractBeanFactory.java:312)
	at org.springframework.beans.factory.support.DefaultSingletonBeanRegistry.getSingleton(DefaultSingletonBeanRegistry.java:228)
	at org.springframework.beans.factory.support.AbstractBeanFactory.doGetBean(AbstractBeanFactory.java:310)
	at org.springframework.beans.factory.support.AbstractBeanFactory.getBean(AbstractBeanFactory.java:200)
	at org.springframework.web.method.HandlerMethod.createWithResolvedBean(HandlerMethod.java:313)
	at org.springframework.web.servlet.handler.AbstractHandlerMethodMapping.getHandlerInternal(AbstractHandlerMethodMapping.java:326)
	at org.springframework.web.servlet.handler.AbstractHandlerMethodMapping.getHandlerInternal(AbstractHandlerMethodMapping.java:62)
	at org.springframework.web.servlet.handler.AbstractHandlerMapping.getHandler(AbstractHandlerMapping.java:351)
	at org.springframework.web.servlet.DispatcherServlet.getHandler(DispatcherServlet.java:1188)
	at org.springframework.web.servlet.DispatcherServlet.doDispatch(DispatcherServlet.java:964)
	at org.springframework.web.servlet.DispatcherServlet.doService(DispatcherServlet.java:925)
	at org.springframework.web.servlet.FrameworkServlet.processRequest(FrameworkServlet.java:978)
	at org.springframework.web.servlet.FrameworkServlet.doGet(FrameworkServlet.java:870)
	at javax.servlet.http.HttpServlet.service(HttpServlet.java:635)
	at org.springframework.web.servlet.FrameworkServlet.service(FrameworkServlet.java:855)
	at javax.servlet.http.HttpServlet.service(HttpServlet.java:742)
	at org.apache.catalina.core.ApplicationFilterChain.internalDoFilter(ApplicationFilterChain.java:231)
	at org.apache.catalina.core.ApplicationFilterChain.doFilter(ApplicationFilterChain.java:166)
	at org.apache.tomcat.websocket.server.WsFilter.doFilter(WsFilter.java:52)
	at org.apache.catalina.core.ApplicationFilterChain.internalDoFilter(ApplicationFilterChain.java:193)
	at org.apache.catalina.core.ApplicationFilterChain.doFilter(ApplicationFilterChain.java:166)
	at org.springframework.web.filter.CorsFilter.doFilterInternal(CorsFilter.java:96)
	at org.springframework.web.filter.OncePerRequestFilter.doFilter(OncePerRequestFilter.java:107)
	at org.apache.catalina.core.ApplicationFilterChain.internalDoFilter(ApplicationFilterChain.java:193)
	at org.apache.catalina.core.ApplicationFilterChain.doFilter(ApplicationFilterChain.java:166)
	at com.jsh.erp.filter.LogCostFilter.doFilter(LogCostFilter.java:49)
	at org.apache.catalina.core.ApplicationFilterChain.internalDoFilter(ApplicationFilterChain.java:193)
	at org.apache.catalina.core.ApplicationFilterChain.doFilter(ApplicationFilterChain.java:166)
	at org.springframework.web.filter.RequestContextFilter.doFilterInternal(RequestContextFilter.java:99)
	at org.springframework.web.filter.OncePerRequestFilter.doFilter(OncePerRequestFilter.java:107)
	at org.apache.catalina.core.ApplicationFilterChain.internalDoFilter(ApplicationFilterChain.java:193)
	at org.apache.catalina.core.ApplicationFilterChain.doFilter(ApplicationFilterChain.java:166)
	at org.springframework.web.filter.HttpPutFormContentFilter.doFilterInternal(HttpPutFormContentFilter.java:109)
	at org.springframework.web.filter.OncePerRequestFilter.doFilter(OncePerRequestFilter.java:107)
	at org.apache.catalina.core.ApplicationFilterChain.internalDoFilter(ApplicationFilterChain.java:193)
	at org.apache.catalina.core.ApplicationFilterChain.doFilter(ApplicationFilterChain.java:166)
	at org.springframework.web.filter.HiddenHttpMethodFilter.doFilterInternal(HiddenHttpMethodFilter.java:81)
	at org.springframework.web.filter.OncePerRequestFilter.doFilter(OncePerRequestFilter.java:107)
	at org.apache.catalina.core.ApplicationFilterChain.internalDoFilter(ApplicationFilterChain.java:193)
	at org.apache.catalina.core.ApplicationFilterChain.doFilter(ApplicationFilterChain.java:166)
	at org.springframework.web.filter.CharacterEncodingFilter.doFilterInternal(CharacterEncodingFilter.java:200)
	at org.springframework.web.filter.OncePerRequestFilter.doFilter(OncePerRequestFilter.java:107)
	at org.apache.catalina.core.ApplicationFilterChain.internalDoFilter(ApplicationFilterChain.java:193)
	at org.apache.catalina.core.ApplicationFilterChain.doFilter(ApplicationFilterChain.java:166)
	at org.apache.catalina.core.StandardWrapperValve.invoke(StandardWrapperValve.java:199)
	at org.apache.catalina.core.StandardContextValve.invoke(StandardContextValve.java:96)
	at org.apache.catalina.authenticator.AuthenticatorBase.invoke(AuthenticatorBase.java:496)
	at org.apache.catalina.core.StandardHostValve.invoke(StandardHostValve.java:140)
	at org.apache.catalina.valves.ErrorReportValve.invoke(ErrorReportValve.java:81)
	at org.apache.catalina.core.StandardEngineValve.invoke(StandardEngineValve.java:87)
	at org.apache.catalina.connector.CoyoteAdapter.service(CoyoteAdapter.java:342)
	at org.apache.coyote.http11.Http11Processor.service(Http11Processor.java:803)
	at org.apache.coyote.AbstractProcessorLight.process(AbstractProcessorLight.java:66)
	at org.apache.coyote.AbstractProtocol$ConnectionHandler.process(AbstractProtocol.java:790)
	at org.apache.tomcat.util.net.NioEndpoint$SocketProcessor.doRun(NioEndpoint.java:1459)
	at org.apache.tomcat.util.net.SocketProcessorBase.run(SocketProcessorBase.java:49)
	at java.util.concurrent.ThreadPoolExecutor.runWorker(ThreadPoolExecutor.java:1149)
	at java.util.concurrent.ThreadPoolExecutor$Worker.run(ThreadPoolExecutor.java:624)
	at org.apache.tomcat.util.threads.TaskThread$WrappingRunnable.run(TaskThread.java:61)
	at java.lang.Thread.run(Thread.java:750)
Caused by: org.springframework.beans.factory.BeanCreationException: Error creating bean with name 'depotHeadService': Injection of resource dependencies failed; nested exception is org.springframework.beans.factory.BeanCreationException: Error creating bean with name 'userService': Injection of resource dependencies failed; nested exception is org.springframework.beans.factory.BeanCreationException: Error creating bean with name 'orgaUserRelService': Injection of resource dependencies failed; nested exception is org.springframework.beans.factory.BeanCreationException: Error creating bean with name 'org.springframework.transaction.annotation.ProxyTransactionManagementConfiguration': Initialization of bean failed; nested exception is org.springframework.beans.factory.NoSuchBeanDefinitionException: No bean named 'org.springframework.context.annotation.ConfigurationClassPostProcessor.importRegistry' available
	at org.springframework.context.annotation.CommonAnnotationBeanPostProcessor.postProcessPropertyValues(CommonAnnotationBeanPostProcessor.java:321)
	at org.springframework.beans.factory.support.AbstractAutowireCapableBeanFactory.populateBean(AbstractAutowireCapableBeanFactory.java:1344)
	at org.springframework.beans.factory.support.AbstractAutowireCapableBeanFactory.doCreateBean(AbstractAutowireCapableBeanFactory.java:582)
	at org.springframework.beans.factory.support.AbstractAutowireCapableBeanFactory.createBean(AbstractAutowireCapableBeanFactory.java:502)
	at org.springframework.beans.factory.support.AbstractBeanFactory.lambda$doGetBean$0(AbstractBeanFactory.java:312)
	at org.springframework.beans.factory.support.DefaultSingletonBeanRegistry.getSingleton(DefaultSingletonBeanRegistry.java:228)
	at org.springframework.beans.factory.support.AbstractBeanFactory.doGetBean(AbstractBeanFactory.java:310)
	at org.springframework.beans.factory.support.AbstractBeanFactory.getBean(AbstractBeanFactory.java:205)
	at org.springframework.context.annotation.CommonAnnotationBeanPostProcessor.autowireResource(CommonAnnotationBeanPostProcessor.java:513)
	at org.springframework.context.annotation.CommonAnnotationBeanPostProcessor.getResource(CommonAnnotationBeanPostProcessor.java:484)
	at org.springframework.context.annotation.CommonAnnotationBeanPostProcessor$ResourceElement.getResourceToInject(CommonAnnotationBeanPostProcessor.java:618)
	at org.springframework.beans.factory.annotation.InjectionMetadata$InjectedElement.inject(InjectionMetadata.java:177)
	at org.springframework.beans.factory.annotation.InjectionMetadata.inject(InjectionMetadata.java:91)
	at org.springframework.context.annotation.CommonAnnotationBeanPostProcessor.postProcessPropertyValues(CommonAnnotationBeanPostProcessor.java:318)
	... 63 common frames omitted
Caused by: org.springframework.beans.factory.BeanCreationException: Error creating bean with name 'userService': Injection of resource dependencies failed; nested exception is org.springframework.beans.factory.BeanCreationException: Error creating bean with name 'orgaUserRelService': Injection of resource dependencies failed; nested exception is org.springframework.beans.factory.BeanCreationException: Error creating bean with name 'org.springframework.transaction.annotation.ProxyTransactionManagementConfiguration': Initialization of bean failed; nested exception is org.springframework.beans.factory.NoSuchBeanDefinitionException: No bean named 'org.springframework.context.annotation.ConfigurationClassPostProcessor.importRegistry' available
	at org.springframework.context.annotation.CommonAnnotationBeanPostProcessor.postProcessPropertyValues(CommonAnnotationBeanPostProcessor.java:321)
	at org.springframework.beans.factory.support.AbstractAutowireCapableBeanFactory.populateBean(AbstractAutowireCapableBeanFactory.java:1344)
	at org.springframework.beans.factory.support.AbstractAutowireCapableBeanFactory.doCreateBean(AbstractAutowireCapableBeanFactory.java:582)
	at org.springframework.beans.factory.support.AbstractAutowireCapableBeanFactory.createBean(AbstractAutowireCapableBeanFactory.java:502)
	at org.springframework.beans.factory.support.AbstractBeanFactory.lambda$doGetBean$0(AbstractBeanFactory.java:312)
	at org.springframework.beans.factory.support.DefaultSingletonBeanRegistry.getSingleton(DefaultSingletonBeanRegistry.java:228)
	at org.springframework.beans.factory.support.AbstractBeanFactory.doGetBean(AbstractBeanFactory.java:310)
	at org.springframework.beans.factory.support.AbstractBeanFactory.getBean(AbstractBeanFactory.java:205)
	at org.springframework.context.annotation.CommonAnnotationBeanPostProcessor.autowireResource(CommonAnnotationBeanPostProcessor.java:513)
	at org.springframework.context.annotation.CommonAnnotationBeanPostProcessor.getResource(CommonAnnotationBeanPostProcessor.java:484)
	at org.springframework.context.annotation.CommonAnnotationBeanPostProcessor$ResourceElement.getResourceToInject(CommonAnnotationBeanPostProcessor.java:618)
	at org.springframework.beans.factory.annotation.InjectionMetadata$InjectedElement.inject(InjectionMetadata.java:177)
	at org.springframework.beans.factory.annotation.InjectionMetadata.inject(InjectionMetadata.java:91)
	at org.springframework.context.annotation.CommonAnnotationBeanPostProcessor.postProcessPropertyValues(CommonAnnotationBeanPostProcessor.java:318)
	... 76 common frames omitted
Caused by: org.springframework.beans.factory.BeanCreationException: Error creating bean with name 'orgaUserRelService': Injection of resource dependencies failed; nested exception is org.springframework.beans.factory.BeanCreationException: Error creating bean with name 'org.springframework.transaction.annotation.ProxyTransactionManagementConfiguration': Initialization of bean failed; nested exception is org.springframework.beans.factory.NoSuchBeanDefinitionException: No bean named 'org.springframework.context.annotation.ConfigurationClassPostProcessor.importRegistry' available
	at org.springframework.context.annotation.CommonAnnotationBeanPostProcessor.postProcessPropertyValues(CommonAnnotationBeanPostProcessor.java:321)
	at org.springframework.beans.factory.support.AbstractAutowireCapableBeanFactory.populateBean(AbstractAutowireCapableBeanFactory.java:1344)
	at org.springframework.beans.factory.support.AbstractAutowireCapableBeanFactory.doCreateBean(AbstractAutowireCapableBeanFactory.java:582)
	at org.springframework.beans.factory.support.AbstractAutowireCapableBeanFactory.createBean(AbstractAutowireCapableBeanFactory.java:502)
	at org.springframework.beans.factory.support.AbstractBeanFactory.lambda$doGetBean$0(AbstractBeanFactory.java:312)
	at org.springframework.beans.factory.support.DefaultSingletonBeanRegistry.getSingleton(DefaultSingletonBeanRegistry.java:228)
	at org.springframework.beans.factory.support.AbstractBeanFactory.doGetBean(AbstractBeanFactory.java:310)
	at org.springframework.beans.factory.support.AbstractBeanFactory.getBean(AbstractBeanFactory.java:205)
	at org.springframework.context.annotation.CommonAnnotationBeanPostProcessor.autowireResource(CommonAnnotationBeanPostProcessor.java:513)
	at org.springframework.context.annotation.CommonAnnotationBeanPostProcessor.getResource(CommonAnnotationBeanPostProcessor.java:484)
	at org.springframework.context.annotation.CommonAnnotationBeanPostProcessor$ResourceElement.getResourceToInject(CommonAnnotationBeanPostProcessor.java:618)
	at org.springframework.beans.factory.annotation.InjectionMetadata$InjectedElement.inject(InjectionMetadata.java:177)
	at org.springframework.beans.factory.annotation.InjectionMetadata.inject(InjectionMetadata.java:91)
	at org.springframework.context.annotation.CommonAnnotationBeanPostProcessor.postProcessPropertyValues(CommonAnnotationBeanPostProcessor.java:318)
	... 89 common frames omitted
Caused by: org.springframework.beans.factory.BeanCreationException: Error creating bean with name 'org.springframework.transaction.annotation.ProxyTransactionManagementConfiguration': Initialization of bean failed; nested exception is org.springframework.beans.factory.NoSuchBeanDefinitionException: No bean named 'org.springframework.context.annotation.ConfigurationClassPostProcessor.importRegistry' available
	at org.springframework.beans.factory.support.AbstractAutowireCapableBeanFactory.doCreateBean(AbstractAutowireCapableBeanFactory.java:591)
	at org.springframework.beans.factory.support.AbstractAutowireCapableBeanFactory.createBean(AbstractAutowireCapableBeanFactory.java:502)
	at org.springframework.beans.factory.support.AbstractBeanFactory.lambda$doGetBean$0(AbstractBeanFactory.java:312)
	at org.springframework.beans.factory.support.DefaultSingletonBeanRegistry.getSingleton(DefaultSingletonBeanRegistry.java:228)
	at org.springframework.beans.factory.support.AbstractBeanFactory.doGetBean(AbstractBeanFactory.java:310)
	at org.springframework.beans.factory.support.AbstractBeanFactory.getBean(AbstractBeanFactory.java:200)
	at org.springframework.beans.factory.support.ConstructorResolver.instantiateUsingFactoryMethod(ConstructorResolver.java:368)
	at org.springframework.beans.factory.support.AbstractAutowireCapableBeanFactory.instantiateUsingFactoryMethod(AbstractAutowireCapableBeanFactory.java:1250)
	at org.springframework.beans.factory.support.AbstractAutowireCapableBeanFactory.createBeanInstance(AbstractAutowireCapableBeanFactory.java:1099)
	at org.springframework.beans.factory.support.AbstractAutowireCapableBeanFactory.doCreateBean(AbstractAutowireCapableBeanFactory.java:545)
	at org.springframework.beans.factory.support.AbstractAutowireCapableBeanFactory.createBean(AbstractAutowireCapableBeanFactory.java:502)
	at org.springframework.beans.factory.support.AbstractBeanFactory.lambda$doGetBean$0(AbstractBeanFactory.java:312)
	at org.springframework.beans.factory.support.DefaultSingletonBeanRegistry.getSingleton(DefaultSingletonBeanRegistry.java:228)
	at org.springframework.beans.factory.support.AbstractBeanFactory.doGetBean(AbstractBeanFactory.java:310)
	at org.springframework.beans.factory.support.AbstractBeanFactory.getBean(AbstractBeanFactory.java:205)
	at org.springframework.aop.framework.autoproxy.BeanFactoryAdvisorRetrievalHelper.findAdvisorBeans(BeanFactoryAdvisorRetrievalHelper.java:94)
	at org.springframework.aop.framework.autoproxy.AbstractAdvisorAutoProxyCreator.findCandidateAdvisors(AbstractAdvisorAutoProxyCreator.java:107)
	at org.springframework.aop.framework.autoproxy.AbstractAdvisorAutoProxyCreator.findEligibleAdvisors(AbstractAdvisorAutoProxyCreator.java:92)
	at org.springframework.aop.framework.autoproxy.AbstractAdvisorAutoProxyCreator.getAdvicesAndAdvisorsForBean(AbstractAdvisorAutoProxyCreator.java:74)
	at org.springframework.aop.framework.autoproxy.AbstractAutoProxyCreator.wrapIfNecessary(AbstractAutoProxyCreator.java:352)
	at org.springframework.aop.framework.autoproxy.AbstractAutoProxyCreator.getEarlyBeanReference(AbstractAutoProxyCreator.java:243)
	at org.springframework.beans.factory.support.AbstractAutowireCapableBeanFactory.getEarlyBeanReference(AbstractAutowireCapableBeanFactory.java:907)
	at org.springframework.beans.factory.support.AbstractAutowireCapableBeanFactory.lambda$doCreateBean$1(AbstractAutowireCapableBeanFactory.java:576)
	at org.springframework.beans.factory.support.DefaultSingletonBeanRegistry.getSingleton(DefaultSingletonBeanRegistry.java:190)
	at org.springframework.beans.factory.support.DefaultSingletonBeanRegistry.getSingleton(DefaultSingletonBeanRegistry.java:170)
	at org.springframework.beans.factory.support.AbstractBeanFactory.doGetBean(AbstractBeanFactory.java:247)
	at org.springframework.beans.factory.support.AbstractBeanFactory.getBean(AbstractBeanFactory.java:205)
	at org.springframework.context.annotation.CommonAnnotationBeanPostProcessor.autowireResource(CommonAnnotationBeanPostProcessor.java:513)
	at org.springframework.context.annotation.CommonAnnotationBeanPostProcessor.getResource(CommonAnnotationBeanPostProcessor.java:484)
	at org.springframework.context.annotation.CommonAnnotationBeanPostProcessor$ResourceElement.getResourceToInject(CommonAnnotationBeanPostProcessor.java:618)
	at org.springframework.beans.factory.annotation.InjectionMetadata$InjectedElement.inject(InjectionMetadata.java:177)
	at org.springframework.beans.factory.annotation.InjectionMetadata.inject(InjectionMetadata.java:91)
	at org.springframework.context.annotation.CommonAnnotationBeanPostProcessor.postProcessPropertyValues(CommonAnnotationBeanPostProcessor.java:318)
	... 102 common frames omitted
Caused by: org.springframework.beans.factory.NoSuchBeanDefinitionException: No bean named 'org.springframework.context.annotation.ConfigurationClassPostProcessor.importRegistry' available
	at org.springframework.beans.factory.support.DefaultListableBeanFactory.getBeanDefinition(DefaultListableBeanFactory.java:686)
	at org.springframework.beans.factory.support.AbstractBeanFactory.getMergedLocalBeanDefinition(AbstractBeanFactory.java:1205)
	at org.springframework.beans.factory.support.AbstractBeanFactory.doGetBean(AbstractBeanFactory.java:292)
	at org.springframework.beans.factory.support.AbstractBeanFactory.getBean(AbstractBeanFactory.java:205)
	at org.springframework.context.annotation.ConfigurationClassPostProcessor$ImportAwareBeanPostProcessor.postProcessBeforeInitialization(ConfigurationClassPostProcessor.java:445)
	at org.springframework.beans.factory.support.AbstractAutowireCapableBeanFactory.applyBeanPostProcessorsBeforeInitialization(AbstractAutowireCapableBeanFactory.java:423)
	at org.springframework.beans.factory.support.AbstractAutowireCapableBeanFactory.initializeBean(AbstractAutowireCapableBeanFactory.java:1702)
	at org.springframework.beans.factory.support.AbstractAutowireCapableBeanFactory.doCreateBean(AbstractAutowireCapableBeanFactory.java:583)
	... 134 common frames omitted
